Using pre-set license
Built from '2021.3/staging' branch; Version is '2021.3.24f1 (cf10dcf7010d) revision 13570268'; Using compiler version '192829333'; Build Type 'Release'
OS: 'Windows 10  (10.0.19044) 64bit Professional' Language: 'pl' Physical Memory: 16334 MB
BatchMode: 1, IsHumanControllingUs: 0, StartBugReporterOnCrash: 0, Is64bit: 1, IsPro: 1

COMMAND LINE ARGUMENTS:
C:\Program Files\Unity\Hub\Editor\2021.3.24f1\Editor\Unity.exe
-adb2
-batchMode
-noUpm
-name
AssetImportWorker0
-projectPath
C:/Users/Kuba/Desktop/SGP-R/STUNT GP RELOADED
-logFile
Logs/AssetImportWorker0.log
-srvPort
52399
Successfully changed project path to: C:/Users/Kuba/Desktop/SGP-R/STUNT GP RELOADED
C:/Users/Kuba/Desktop/SGP-R/STUNT GP RELOADED
[UnityMemory] Configuration Parameters - Can be set up in boot.config
    "memorysetup-bucket-allocator-granularity=16"
    "memorysetup-bucket-allocator-bucket-count=8"
    "memorysetup-bucket-allocator-block-size=33554432"
    "memorysetup-bucket-allocator-block-count=8"
    "memorysetup-main-allocator-block-size=16777216"
    "memorysetup-thread-allocator-block-size=16777216"
    "memorysetup-gfx-main-allocator-block-size=16777216"
    "memorysetup-gfx-thread-allocator-block-size=16777216"
    "memorysetup-cache-allocator-block-size=4194304"
    "memorysetup-typetree-allocator-block-size=2097152"
    "memorysetup-profiler-bucket-allocator-granularity=16"
    "memorysetup-profiler-bucket-allocator-bucket-count=8"
    "memorysetup-profiler-bucket-allocator-block-size=33554432"
    "memorysetup-profiler-bucket-allocator-block-count=8"
    "memorysetup-profiler-allocator-block-size=16777216"
    "memorysetup-profiler-editor-allocator-block-size=1048576"
    "memorysetup-temp-allocator-size-main=16777216"
    "memorysetup-job-temp-allocator-block-size=2097152"
    "memorysetup-job-temp-allocator-block-size-background=1048576"
    "memorysetup-job-temp-allocator-reduction-small-platforms=262144"
    "memorysetup-temp-allocator-size-background-worker=32768"
    "memorysetup-temp-allocator-size-job-worker=262144"
    "memorysetup-temp-allocator-size-preload-manager=33554432"
    "memorysetup-temp-allocator-size-nav-mesh-worker=65536"
    "memorysetup-temp-allocator-size-audio-worker=65536"
    "memorysetup-temp-allocator-size-cloud-worker=32768"
    "memorysetup-temp-allocator-size-gi-baking-worker=262144"
    "memorysetup-temp-allocator-size-gfx=262144"
Player connection [840] Host "[IP] 192.168.2.131 [Port] 0 [Flags] 2 [Guid] 2021911051 [EditorId] 2021911051 [Version] 1048832 [Id] WindowsEditor(7,AsRock) [Debug] 1 [PackageName] WindowsEditor [ProjectName] Editor" joined multi-casting on [225.0.0.222:54997]...

Player connection [840] Host "[IP] 192.168.2.131 [Port] 0 [Flags] 2 [Guid] 2021911051 [EditorId] 2021911051 [Version] 1048832 [Id] WindowsEditor(7,AsRock) [Debug] 1 [PackageName] WindowsEditor [ProjectName] Editor" joined alternative multi-casting on [225.0.0.222:34997]...

Refreshing native plugins compatible for Editor in 52.24 ms, found 0 plugins.
Preloading 0 native plugins for Editor in 0.00 ms.
Initialize engine version: 2021.3.24f1 (cf10dcf7010d)
[Subsystems] Discovering subsystems at path C:/Program Files/Unity/Hub/Editor/2021.3.24f1/Editor/Data/Resources/UnitySubsystems
[Subsystems] Discovering subsystems at path C:/Users/Kuba/Desktop/SGP-R/STUNT GP RELOADED/Assets
GfxDevice: creating device client; threaded=0; jobified=0
Direct3D:
    Version:  Direct3D 11.0 [level 11.1]
    Renderer: NVIDIA GeForce GTX 1070 (ID=0x1b81)
    Vendor:   NVIDIA
    VRAM:     8081 MB
    Driver:   31.0.15.3598
Initialize mono
Mono path[0] = 'C:/Program Files/Unity/Hub/Editor/2021.3.24f1/Editor/Data/Managed'
Mono path[1] = 'C:/Program Files/Unity/Hub/Editor/2021.3.24f1/Editor/Data/MonoBleedingEdge/lib/mono/unityjit-win32'
Mono config path = 'C:/Program Files/Unity/Hub/Editor/2021.3.24f1/Editor/Data/MonoBleedingEdge/etc'
Using monoOptions --debugger-agent=transport=dt_socket,embedding=1,server=y,suspend=n,address=127.0.0.1:56168
Begin MonoManager ReloadAssembly
Registering precompiled unity dll's ...
Register platform support module: C:/Program Files/Unity/Hub/Editor/2021.3.24f1/Editor/Data/PlaybackEngines/WindowsStandaloneSupport/UnityEditor.WindowsStandalone.Extensions.dll
Registered in 0.006893 seconds.
Native extension for WindowsStandalone target not found
Refreshing native plugins compatible for Editor in 37.79 ms, found 0 plugins.
Preloading 0 native plugins for Editor in 0.00 ms.
Mono: successfully reloaded assembly
- Completed reload, in  0.647 seconds
Domain Reload Profiling:
	ReloadAssembly (648ms)
		BeginReloadAssembly (90ms)
			ExecutionOrderSort (0ms)
			DisableScriptedObjects (0ms)
			BackupInstance (0ms)
			ReleaseScriptingObjects (0ms)
			CreateAndSetChildDomain (1ms)
		EndReloadAssembly (455ms)
			LoadAssemblies (88ms)
			RebuildTransferFunctionScriptingTraits (0ms)
			SetupTypeCache (118ms)
			ReleaseScriptCaches (0ms)
			RebuildScriptCaches (35ms)
			SetupLoadedEditorAssemblies (252ms)
				LogAssemblyErrors (0ms)
				InitializePlatformSupportModulesInManaged (8ms)
				SetLoadedEditorAssemblies (0ms)
				RefreshPlugins (38ms)
				BeforeProcessingInitializeOnLoad (2ms)
				ProcessInitializeOnLoadAttributes (155ms)
				ProcessInitializeOnLoadMethodAttributes (48ms)
				AfterProcessingInitializeOnLoad (0ms)
				EditorAssembliesLoaded (0ms)
			ExecutionOrderSort2 (0ms)
			AwakeInstancesAfterBackupRestoration (0ms)
Platform modules already initialized, skipping
Registering precompiled user dll's ...
Registered in 0.000519 seconds.
Begin MonoManager ReloadAssembly
Native extension for WindowsStandalone target not found
Refreshing native plugins compatible for Editor in 0.39 ms, found 0 plugins.
Preloading 0 native plugins for Editor in 0.00 ms.
Mono: successfully reloaded assembly
- Completed reload, in  0.686 seconds
Domain Reload Profiling:
	ReloadAssembly (687ms)
		BeginReloadAssembly (129ms)
			ExecutionOrderSort (0ms)
			DisableScriptedObjects (6ms)
			BackupInstance (0ms)
			ReleaseScriptingObjects (0ms)
			CreateAndSetChildDomain (25ms)
		EndReloadAssembly (450ms)
			LoadAssemblies (74ms)
			RebuildTransferFunctionScriptingTraits (0ms)
			SetupTypeCache (121ms)
			ReleaseScriptCaches (0ms)
			RebuildScriptCaches (37ms)
			SetupLoadedEditorAssemblies (193ms)
				LogAssemblyErrors (0ms)
				InitializePlatformSupportModulesInManaged (6ms)
				SetLoadedEditorAssemblies (0ms)
				RefreshPlugins (0ms)
				BeforeProcessingInitializeOnLoad (39ms)
				ProcessInitializeOnLoadAttributes (118ms)
				ProcessInitializeOnLoadMethodAttributes (22ms)
				AfterProcessingInitializeOnLoad (7ms)
				EditorAssembliesLoaded (0ms)
			ExecutionOrderSort2 (0ms)
			AwakeInstancesAfterBackupRestoration (7ms)
Platform modules already initialized, skipping
========================================================================
Worker process is ready to serve import requests
Launched and connected shader compiler UnityShaderCompiler.exe after 0.04 seconds
Refreshing native plugins compatible for Editor in 0.42 ms, found 0 plugins.
Preloading 0 native plugins for Editor in 0.00 ms.
Unloading 687 Unused Serialized files (Serialized files now loaded: 0)
Unloading 7 unused Assets / (30.2 KB). Loaded Objects now: 1201.
Memory consumption went from 141.0 MB to 140.9 MB.
Total: 2.091500 ms (FindLiveObjects: 0.116800 ms CreateObjectMapping: 0.024300 ms MarkObjects: 1.927200 ms  DeleteObjects: 0.022200 ms)

AssetImportParameters requested are different than current active one (requested -> active):
  custom:video-decoder-ogg-theora: a1e56fd34408186e4bbccfd4996cb3dc -> 
  custom:container-muxer-webm: aa71ff27fc2769a1b78a27578f13a17b -> 
  custom:container-demuxer-webm: 4f35f7cbe854078d1ac9338744f61a02 -> 
  custom:video-encoder-webm-vp8: eb34c28f22e8b96e1ab97ce403110664 -> 
  custom:audio-encoder-webm-vorbis: bf7c407c2cedff20999df2af8eb42d56 -> 
  custom:framework-win-MediaFoundation: 216162199b28c13a410421893ffa2e32 -> 
  custom:container-demuxer-ogg: 62fdf1f143b41e24485cea50d1cbac27 -> 
  custom:video-decoder-webm-vp8: 9c59270c3fd7afecdb556c50c9e8de78 -> 
  custom:audio-decoder-ogg-vorbis: bf7c407c2cedff20999df2af8eb42d56 -> 
========================================================================
Received Import Request.
  Time since last request: 576.319090 seconds.
  path: Assets/Unver/tracks/Materials/trackset01_trk_c2_topend.png.mat
  artifactKey: Guid(f9463b4585dec2d40a1c96a1d5c1120f) Importer(815301076,1909f56bfc062723c751e8b465ee728b)
Start importing Assets/Unver/tracks/Materials/trackset01_trk_c2_topend.png.mat using Guid(f9463b4585dec2d40a1c96a1d5c1120f) Importer(815301076,1909f56bfc062723c751e8b465ee728b)  -> (artifact id: '7a6498cfaf927b7f0f5aeea7f3b4aa86') in 0.159954 seconds 
========================================================================
Received Import Request.
  Time since last request: 0.000019 seconds.
  path: Assets/Unver/tracks/Materials/trackset01_trk_c2_inout.png.mat
  artifactKey: Guid(666dcb7dc430b574ab35293a76f73360) Importer(815301076,1909f56bfc062723c751e8b465ee728b)
Start importing Assets/Unver/tracks/Materials/trackset01_trk_c2_inout.png.mat using Guid(666dcb7dc430b574ab35293a76f73360) Importer(815301076,1909f56bfc062723c751e8b465ee728b)  -> (artifact id: 'bf8e3b7383bfe4d5c16b2fa436434c73') in 0.025587 seconds 
========================================================================
Received Import Request.
  Time since last request: 0.000020 seconds.
  path: Assets/Unver/tracks/Materials/trackset01_trk_c2_bump.png.mat
  artifactKey: Guid(c146e619ffbbfb24ba79c8f53afcbf42) Importer(815301076,1909f56bfc062723c751e8b465ee728b)
Start importing Assets/Unver/tracks/Materials/trackset01_trk_c2_bump.png.mat using Guid(c146e619ffbbfb24ba79c8f53afcbf42) Importer(815301076,1909f56bfc062723c751e8b465ee728b)  -> (artifact id: '6ae1979ea300fdc230e195b9e6805623') in 0.016355 seconds 
========================================================================
Received Import Request.
  Time since last request: 0.000027 seconds.
  path: Assets/Unver/tracks/Materials/trackset01_trk_curb.png.mat
  artifactKey: Guid(af2fbc11641b96c4b8a5535644348ade) Importer(815301076,1909f56bfc062723c751e8b465ee728b)
Start importing Assets/Unver/tracks/Materials/trackset01_trk_curb.png.mat using Guid(af2fbc11641b96c4b8a5535644348ade) Importer(815301076,1909f56bfc062723c751e8b465ee728b)  -> (artifact id: '709ac7da6670149f59291ffb7d3d7c53') in 0.018040 seconds 
========================================================================
Received Import Request.
  Time since last request: 8.274780 seconds.
  path: Assets/Unver/tracks/Materials/trackset00_trk_startline.mat
  artifactKey: Guid(ddce798a34f1bbb45bc395510c0da72c) Importer(815301076,1909f56bfc062723c751e8b465ee728b)
Start importing Assets/Unver/tracks/Materials/trackset00_trk_startline.mat using Guid(ddce798a34f1bbb45bc395510c0da72c) Importer(815301076,1909f56bfc062723c751e8b465ee728b)  -> (artifact id: '5c97db197e2c79818b7c1502f40fb1ca') in 0.091402 seconds 
========================================================================
Received Import Request.
  Time since last request: 0.000020 seconds.
  path: Assets/Unver/tracks/Materials/trackset01_trk_sidewall_sand.png.mat
  artifactKey: Guid(70c2377a584feb84bb9872eb2b514b00) Importer(815301076,1909f56bfc062723c751e8b465ee728b)
Start importing Assets/Unver/tracks/Materials/trackset01_trk_sidewall_sand.png.mat using Guid(70c2377a584feb84bb9872eb2b514b00) Importer(815301076,1909f56bfc062723c751e8b465ee728b)  -> (artifact id: '54ad5970a8119f2ece093d185b844da5') in 0.022121 seconds 
========================================================================
Received Import Request.
  Time since last request: 0.000017 seconds.
  path: Assets/Unver/tracks/Materials/trackset01_trk_c1_inout.png.mat
  artifactKey: Guid(e63dbc222735891499898666026d4c2d) Importer(815301076,1909f56bfc062723c751e8b465ee728b)
Start importing Assets/Unver/tracks/Materials/trackset01_trk_c1_inout.png.mat using Guid(e63dbc222735891499898666026d4c2d) Importer(815301076,1909f56bfc062723c751e8b465ee728b)  -> (artifact id: '7e77780a25af9e127f9bc7c60898b9dd') in 0.022844 seconds 
========================================================================
Received Import Request.
  Time since last request: 0.000021 seconds.
  path: Assets/Unver/tracks/Materials/trackset01_trk_64chevback.png.mat
  artifactKey: Guid(f78a5eed14a6e1a4b9c46d84bb31a4d6) Importer(815301076,1909f56bfc062723c751e8b465ee728b)
Start importing Assets/Unver/tracks/Materials/trackset01_trk_64chevback.png.mat using Guid(f78a5eed14a6e1a4b9c46d84bb31a4d6) Importer(815301076,1909f56bfc062723c751e8b465ee728b)  -> (artifact id: 'a44a72a3cb436cef67cd345339dfc86c') in 0.017490 seconds 
========================================================================
Received Import Request.
  Time since last request: 0.000033 seconds.
  path: Assets/Unver/tracks/Materials/trackset01_trk_64chevrons.png.mat
  artifactKey: Guid(52cd8a86470676541b90e813ecd29df4) Importer(815301076,1909f56bfc062723c751e8b465ee728b)
Start importing Assets/Unver/tracks/Materials/trackset01_trk_64chevrons.png.mat using Guid(52cd8a86470676541b90e813ecd29df4) Importer(815301076,1909f56bfc062723c751e8b465ee728b)  -> (artifact id: 'cb93c38651b81ac2f5e94959c91218d1') in 0.017949 seconds 
========================================================================
Received Import Request.
  Time since last request: 0.000022 seconds.
  path: Assets/Unver/tracks/Materials/trackset01_trk_c1_topend.png.mat
  artifactKey: Guid(f4668bd31e8f3294a9b193b36b228b03) Importer(815301076,1909f56bfc062723c751e8b465ee728b)
Start importing Assets/Unver/tracks/Materials/trackset01_trk_c1_topend.png.mat using Guid(f4668bd31e8f3294a9b193b36b228b03) Importer(815301076,1909f56bfc062723c751e8b465ee728b)  -> (artifact id: '16cbbf2d924e6d6d699ecfba5f05cc84') in 0.081828 seconds 
========================================================================
Received Import Request.
  Time since last request: 0.000018 seconds.
  path: Assets/Unver/tracks/Materials/trackset01_trk_c1_hill.png.mat
  artifactKey: Guid(b8065a1cd90355b4193e7aa9656693e7) Importer(815301076,1909f56bfc062723c751e8b465ee728b)
Start importing Assets/Unver/tracks/Materials/trackset01_trk_c1_hill.png.mat using Guid(b8065a1cd90355b4193e7aa9656693e7) Importer(815301076,1909f56bfc062723c751e8b465ee728b)  -> (artifact id: '8f66e3700f7b287b5784162ecbd9f144') in 0.017936 seconds 
========================================================================
Received Import Request.
  Time since last request: 0.000016 seconds.
  path: Assets/Unver/tracks/Materials/trackset01_trk_ubank.png.mat
  artifactKey: Guid(3bc8d7dc70063044c8121a4e712bbf39) Importer(815301076,1909f56bfc062723c751e8b465ee728b)
Start importing Assets/Unver/tracks/Materials/trackset01_trk_ubank.png.mat using Guid(3bc8d7dc70063044c8121a4e712bbf39) Importer(815301076,1909f56bfc062723c751e8b465ee728b)  -> (artifact id: '1ae6910398b51129077f4453588f13a6') in 0.020163 seconds 
========================================================================
Received Import Request.
  Time since last request: 0.000017 seconds.
  path: Assets/Unver/tracks/Materials/trackset01_trk_c1_turn.png.mat
  artifactKey: Guid(daea5fa1209723a41baf7a169c22b45e) Importer(815301076,1909f56bfc062723c751e8b465ee728b)
Start importing Assets/Unver/tracks/Materials/trackset01_trk_c1_turn.png.mat using Guid(daea5fa1209723a41baf7a169c22b45e) Importer(815301076,1909f56bfc062723c751e8b465ee728b)  -> (artifact id: '2047e1cc91e65c7c2c552cad4b3f4390') in 0.019713 seconds 
========================================================================
Received Import Request.
  Time since last request: 0.000016 seconds.
  path: Assets/Unver/tracks/Materials/trackset01_trk_pitfloor.png.mat
  artifactKey: Guid(8fdda88e371ae2449aba6562223dc867) Importer(815301076,1909f56bfc062723c751e8b465ee728b)
Start importing Assets/Unver/tracks/Materials/trackset01_trk_pitfloor.png.mat using Guid(8fdda88e371ae2449aba6562223dc867) Importer(815301076,1909f56bfc062723c751e8b465ee728b)  -> (artifact id: '3b59cf8d5c28b05e6ea7a695b882e21f') in 0.018992 seconds 
========================================================================
Received Import Request.
  Time since last request: 0.000017 seconds.
  path: Assets/Unver/tracks/Materials/trackset01_trk_ubankback.png.mat
  artifactKey: Guid(2bf9a51ad70e9c547b4a46a770a65dd3) Importer(815301076,1909f56bfc062723c751e8b465ee728b)
Start importing Assets/Unver/tracks/Materials/trackset01_trk_ubankback.png.mat using Guid(2bf9a51ad70e9c547b4a46a770a65dd3) Importer(815301076,1909f56bfc062723c751e8b465ee728b)  -> (artifact id: '462d7c068b0fcdaf2292c6ccec344cf7') in 0.018066 seconds 
========================================================================
Received Import Request.
  Time since last request: 0.000020 seconds.
  path: Assets/Unver/tracks/Materials/trackset01_trk_pitchevrons.png.mat
  artifactKey: Guid(dc3ad5e8b970c854199ca79409d01726) Importer(815301076,1909f56bfc062723c751e8b465ee728b)
Start importing Assets/Unver/tracks/Materials/trackset01_trk_pitchevrons.png.mat using Guid(dc3ad5e8b970c854199ca79409d01726) Importer(815301076,1909f56bfc062723c751e8b465ee728b)  -> (artifact id: '46e8390add61c4c985b759f801e382ba') in 0.021886 seconds 
========================================================================
Received Import Request.
  Time since last request: 3.187611 seconds.
  path: Assets/Unver/textures/trackset01_trk_c1_topend.png
  artifactKey: Guid(ef6344056512c1948950b678db5d6ead) Importer(815301076,1909f56bfc062723c751e8b465ee728b)
Start importing Assets/Unver/textures/trackset01_trk_c1_topend.png using Guid(ef6344056512c1948950b678db5d6ead) Importer(815301076,1909f56bfc062723c751e8b465ee728b)  -> (artifact id: '699945928535171ee78c6f55086c312d') in 0.087543 seconds 
========================================================================
Received Import Request.
  Time since last request: 0.000016 seconds.
  path: Assets/Unver/textures/trackset01_trk_c3_straight.png
  artifactKey: Guid(43b910c6bc43a114791ea46460ce3584) Importer(815301076,1909f56bfc062723c751e8b465ee728b)
Start importing Assets/Unver/textures/trackset01_trk_c3_straight.png using Guid(43b910c6bc43a114791ea46460ce3584) Importer(815301076,1909f56bfc062723c751e8b465ee728b)  -> (artifact id: '4a052ae32727334e442cfd2178b35c57') in 0.082106 seconds 
========================================================================
Received Import Request.
  Time since last request: 0.000022 seconds.
  path: Assets/Unver/textures/16x/trackset01_trk_curb.jpg
  artifactKey: Guid(951777dfa208b474c9be0262bf1d9a40) Importer(815301076,1909f56bfc062723c751e8b465ee728b)
Start importing Assets/Unver/textures/16x/trackset01_trk_curb.jpg using Guid(951777dfa208b474c9be0262bf1d9a40) Importer(815301076,1909f56bfc062723c751e8b465ee728b)  -> (artifact id: '7055947695207876967c8aac1d1bf807') in 0.124536 seconds 
========================================================================
Received Import Request.
  Time since last request: 0.000028 seconds.
  path: Assets/Unver/textures/trackset01_trk_pitchevrons.png
  artifactKey: Guid(8bb4a8e01a1634447a708f81497169a3) Importer(815301076,1909f56bfc062723c751e8b465ee728b)
Start importing Assets/Unver/textures/trackset01_trk_pitchevrons.png using Guid(8bb4a8e01a1634447a708f81497169a3) Importer(815301076,1909f56bfc062723c751e8b465ee728b)  -> (artifact id: 'a36ae2cea28463b60950b28ffe17c45a') in 0.020311 seconds 
========================================================================
Received Import Request.
  Time since last request: 0.000019 seconds.
  path: Assets/Unver/textures/trackset01_trk_c2_straight(1).png
  artifactKey: Guid(7876cf8414ff73248abb8a235f57fccc) Importer(815301076,1909f56bfc062723c751e8b465ee728b)
Start importing Assets/Unver/textures/trackset01_trk_c2_straight(1).png using Guid(7876cf8414ff73248abb8a235f57fccc) Importer(815301076,1909f56bfc062723c751e8b465ee728b)  -> (artifact id: 'e4de6c811ff9c75f6c09ba328c435110') in 0.086031 seconds 
========================================================================
Received Import Request.
  Time since last request: 0.000026 seconds.
  path: Assets/Unver/textures/trackset01_trk_c2_straight.png
  artifactKey: Guid(28d1694cafbe72c489e1e778ccede09b) Importer(815301076,1909f56bfc062723c751e8b465ee728b)
Start importing Assets/Unver/textures/trackset01_trk_c2_straight.png using Guid(28d1694cafbe72c489e1e778ccede09b) Importer(815301076,1909f56bfc062723c751e8b465ee728b)  -> (artifact id: '8e45bcd1463a5d01e06b0934f607a3e5') in 0.080085 seconds 
========================================================================
Received Import Request.
  Time since last request: 0.000017 seconds.
  path: Assets/Unver/textures/trackset01_trk_c1_turn(1).png
  artifactKey: Guid(114015e6d85887d42bfb6ab882e440c9) Importer(815301076,1909f56bfc062723c751e8b465ee728b)
Start importing Assets/Unver/textures/trackset01_trk_c1_turn(1).png using Guid(114015e6d85887d42bfb6ab882e440c9) Importer(815301076,1909f56bfc062723c751e8b465ee728b)  -> (artifact id: '794b62d5431b3e4063461564870b1fac') in 0.110730 seconds 
========================================================================
Received Import Request.
  Time since last request: 0.000375 seconds.
  path: Assets/Unver/textures/trackset01_trk_c2_bump(1).png
  artifactKey: Guid(db56002d0694cd24a9c854f1f9e00413) Importer(815301076,1909f56bfc062723c751e8b465ee728b)
Start importing Assets/Unver/textures/trackset01_trk_c2_bump(1).png using Guid(db56002d0694cd24a9c854f1f9e00413) Importer(815301076,1909f56bfc062723c751e8b465ee728b)  -> (artifact id: '9469b318c6df4894d8f1a4b84968e1d2') in 0.069727 seconds 
========================================================================
Received Import Request.
  Time since last request: 0.000038 seconds.
  path: Assets/Unver/textures/trackset01_trk_c2_bump.png
  artifactKey: Guid(cb07d51fc527e014eb6ea2a3e5a07738) Importer(815301076,1909f56bfc062723c751e8b465ee728b)
Start importing Assets/Unver/textures/trackset01_trk_c2_bump.png using Guid(cb07d51fc527e014eb6ea2a3e5a07738) Importer(815301076,1909f56bfc062723c751e8b465ee728b)  -> (artifact id: '27ac2f0e5a8b1bae7aeaf5805c351da6') in 0.057450 seconds 
========================================================================
Received Import Request.
  Time since last request: 0.000030 seconds.
  path: Assets/Unver/textures/trackset01_trk_c2_inout.png
  artifactKey: Guid(fc1c55aeddf00064d9c9e69b43e97410) Importer(815301076,1909f56bfc062723c751e8b465ee728b)
Start importing Assets/Unver/textures/trackset01_trk_c2_inout.png using Guid(fc1c55aeddf00064d9c9e69b43e97410) Importer(815301076,1909f56bfc062723c751e8b465ee728b)  -> (artifact id: '7b2614ab176847d4331199fdf1f4947f') in 0.045858 seconds 
========================================================================
Received Import Request.
  Time since last request: 0.000282 seconds.
  path: Assets/Unver/textures/trackset01_trk_c2_topend.png
  artifactKey: Guid(98b4fe015ef8bed4b8845ca8986113a5) Importer(815301076,1909f56bfc062723c751e8b465ee728b)
Start importing Assets/Unver/textures/trackset01_trk_c2_topend.png using Guid(98b4fe015ef8bed4b8845ca8986113a5) Importer(815301076,1909f56bfc062723c751e8b465ee728b)  -> (artifact id: 'd4f637cc9f2b0c321a12bc57a2988cb3') in 0.089176 seconds 
========================================================================
Received Import Request.
  Time since last request: 0.000021 seconds.
  path: Assets/Unver/textures/trackset01_trk_c2_inout(1).png
  artifactKey: Guid(d3ac72c1783a3c040ab0a64677bd17f3) Importer(815301076,1909f56bfc062723c751e8b465ee728b)
Start importing Assets/Unver/textures/trackset01_trk_c2_inout(1).png using Guid(d3ac72c1783a3c040ab0a64677bd17f3) Importer(815301076,1909f56bfc062723c751e8b465ee728b)  -> (artifact id: '88743a628baecc2d2eb336fff8d6f69b') in 0.082614 seconds 
========================================================================
Received Import Request.
  Time since last request: 0.000027 seconds.
  path: Assets/Unver/textures/16x/trackset01_trk_c2_topend.jpg
  artifactKey: Guid(60a76f0d728b41142bbb426cd8acb386) Importer(815301076,1909f56bfc062723c751e8b465ee728b)
Start importing Assets/Unver/textures/16x/trackset01_trk_c2_topend.jpg using Guid(60a76f0d728b41142bbb426cd8acb386) Importer(815301076,1909f56bfc062723c751e8b465ee728b)  -> (artifact id: '63d3e7ae077f73654b0e3eab4d1931e2') in 0.048026 seconds 
========================================================================
Received Import Request.
  Time since last request: 0.000017 seconds.
  path: Assets/Unver/textures/16x/trackset01_trk_pitchevrons.jpg
  artifactKey: Guid(3f0b9a57897057343b789352719cc6f2) Importer(815301076,1909f56bfc062723c751e8b465ee728b)
Start importing Assets/Unver/textures/16x/trackset01_trk_pitchevrons.jpg using Guid(3f0b9a57897057343b789352719cc6f2) Importer(815301076,1909f56bfc062723c751e8b465ee728b)  -> (artifact id: '3120c7984a7c5ade02ab648a00b96213') in 0.040238 seconds 
========================================================================
Received Import Request.
  Time since last request: 0.000020 seconds.
  path: Assets/Unver/textures/trackset01_trk_c2_topend(1).png
  artifactKey: Guid(d38e7dab8fc307542961bb8f1142da62) Importer(815301076,1909f56bfc062723c751e8b465ee728b)
Start importing Assets/Unver/textures/trackset01_trk_c2_topend(1).png using Guid(d38e7dab8fc307542961bb8f1142da62) Importer(815301076,1909f56bfc062723c751e8b465ee728b)  -> (artifact id: '820c76b27e32a4ac37a7c5bd7f2879c4') in 0.043243 seconds 
========================================================================
Received Import Request.
  Time since last request: 0.000055 seconds.
  path: Assets/Unver/textures/trackset01_trk_curb.png
  artifactKey: Guid(6a44648be9ade7a4bb5d30e5e86b30b7) Importer(815301076,1909f56bfc062723c751e8b465ee728b)
Start importing Assets/Unver/textures/trackset01_trk_curb.png using Guid(6a44648be9ade7a4bb5d30e5e86b30b7) Importer(815301076,1909f56bfc062723c751e8b465ee728b)  -> (artifact id: '6ed7e71879f2bb368ae94db10f1c09bf') in 0.013747 seconds 
========================================================================
Received Import Request.
  Time since last request: 0.000059 seconds.
  path: Assets/Unver/textures/16x/trackset01_trk_c2_bump.jpg
  artifactKey: Guid(ea7585e3e112cdf42a4e415ec840b935) Importer(815301076,1909f56bfc062723c751e8b465ee728b)
Start importing Assets/Unver/textures/16x/trackset01_trk_c2_bump.jpg using Guid(ea7585e3e112cdf42a4e415ec840b935) Importer(815301076,1909f56bfc062723c751e8b465ee728b)  -> (artifact id: '3676ad8831571b70e8901dec3bc8a82c') in 0.042606 seconds 
========================================================================
Received Import Request.
  Time since last request: 0.000017 seconds.
  path: Assets/Unver/textures/16x/trackset01_trk_pitfloor.jpg
  artifactKey: Guid(6d7c87213f4759c45b5c564f9436f127) Importer(815301076,1909f56bfc062723c751e8b465ee728b)
Start importing Assets/Unver/textures/16x/trackset01_trk_pitfloor.jpg using Guid(6d7c87213f4759c45b5c564f9436f127) Importer(815301076,1909f56bfc062723c751e8b465ee728b)  -> (artifact id: 'c8450c1b0c808f82bcb850451e5a24b3') in 0.037382 seconds 
========================================================================
Received Import Request.
  Time since last request: 0.000025 seconds.
  path: Assets/Unver/textures/16x/trackset01_trk_c2_inout.jpg
  artifactKey: Guid(70ac37b962f032a45ad47af78d0403a1) Importer(815301076,1909f56bfc062723c751e8b465ee728b)
Start importing Assets/Unver/textures/16x/trackset01_trk_c2_inout.jpg using Guid(70ac37b962f032a45ad47af78d0403a1) Importer(815301076,1909f56bfc062723c751e8b465ee728b)  -> (artifact id: 'deb62cecf3e2abfe8bccca7cc659523e') in 0.044925 seconds 
========================================================================
Received Import Request.
  Time since last request: 0.000025 seconds.
  path: Assets/Unver/textures/trackset01_trk_c1_turn.png
  artifactKey: Guid(1de8df6a5004ea0468ea1c4cb93d69d7) Importer(815301076,1909f56bfc062723c751e8b465ee728b)
Start importing Assets/Unver/textures/trackset01_trk_c1_turn.png using Guid(1de8df6a5004ea0468ea1c4cb93d69d7) Importer(815301076,1909f56bfc062723c751e8b465ee728b)  -> (artifact id: '41e48ab0c78c4477478d2ee1f23c9d49') in 0.016613 seconds 
========================================================================
Received Import Request.
  Time since last request: 0.000038 seconds.
  path: Assets/Unver/textures/16x/trackset01_trk_c2_hill.jpg
  artifactKey: Guid(ec54df93b10b55b4482f14239b7bb0d7) Importer(815301076,1909f56bfc062723c751e8b465ee728b)
Start importing Assets/Unver/textures/16x/trackset01_trk_c2_hill.jpg using Guid(ec54df93b10b55b4482f14239b7bb0d7) Importer(815301076,1909f56bfc062723c751e8b465ee728b)  -> (artifact id: '3d537aca8d02797d836a805366d2ab5a') in 0.032287 seconds 
========================================================================
Received Import Request.
  Time since last request: 205.620163 seconds.
  path: Assets/Trail.mat
  artifactKey: Guid(26f440feff6e9334e8f0ef7a723d9917) Importer(815301076,1909f56bfc062723c751e8b465ee728b)
Start importing Assets/Trail.mat using Guid(26f440feff6e9334e8f0ef7a723d9917) Importer(815301076,1909f56bfc062723c751e8b465ee728b)  -> (artifact id: 'b40b2b27d106a64528de12b860b6a6c6') in 0.027128 seconds 
========================================================================
Received Import Request.
  Time since last request: 107.761674 seconds.
  path: Assets/Unver/textures/misc_trail1.png
  artifactKey: Guid(6a4da6c5af08b8046962c6ac937a4fa2) Importer(815301076,1909f56bfc062723c751e8b465ee728b)
Start importing Assets/Unver/textures/misc_trail1.png using Guid(6a4da6c5af08b8046962c6ac937a4fa2) Importer(815301076,1909f56bfc062723c751e8b465ee728b)  -> (artifact id: '2b64737c28255467b952dd7877d19023') in 0.072437 seconds 
========================================================================
Received Import Request.
  Time since last request: 59.913771 seconds.
  path: Assets/Unver/textures/misc_trail1 — kopia.png
  artifactKey: Guid(58d4916ca2012df498a15b3dc2c03197) Importer(815301076,1909f56bfc062723c751e8b465ee728b)
Start importing Assets/Unver/textures/misc_trail1 — kopia.png using Guid(58d4916ca2012df498a15b3dc2c03197) Importer(815301076,1909f56bfc062723c751e8b465ee728b)  -> (artifact id: 'cd85dacfaf5b9ce098481bae9d43a862') in 0.019704 seconds 
========================================================================
Received Import Request.
  Time since last request: 243.767509 seconds.
  path: Assets/Trail.mat
  artifactKey: Guid(26f440feff6e9334e8f0ef7a723d9917) Importer(815301076,1909f56bfc062723c751e8b465ee728b)
Start importing Assets/Trail.mat using Guid(26f440feff6e9334e8f0ef7a723d9917) Importer(815301076,1909f56bfc062723c751e8b465ee728b)  -> (artifact id: '65b958069da4c0fa97a6a8f02e6a8e81') in 0.036861 seconds 
========================================================================
Received Import Request.
  Time since last request: 536.765559 seconds.
  path: Assets/Trail.mat
  artifactKey: Guid(26f440feff6e9334e8f0ef7a723d9917) Importer(815301076,1909f56bfc062723c751e8b465ee728b)
Start importing Assets/Trail.mat using Guid(26f440feff6e9334e8f0ef7a723d9917) Importer(815301076,1909f56bfc062723c751e8b465ee728b)  -> (artifact id: '0a8c0485fe9c8bb4e4f0e9767014cd97') in 0.038681 seconds 
========================================================================
Received Import Request.
  Time since last request: 463.917801 seconds.
  path: Assets/Trail.mat
  artifactKey: Guid(26f440feff6e9334e8f0ef7a723d9917) Importer(815301076,1909f56bfc062723c751e8b465ee728b)
Start importing Assets/Trail.mat using Guid(26f440feff6e9334e8f0ef7a723d9917) Importer(815301076,1909f56bfc062723c751e8b465ee728b)  -> (artifact id: 'c8d540d053741cfc457bb77310a67a68') in 0.015706 seconds 
========================================================================
Received Import Request.
  Time since last request: 18.667635 seconds.
  path: Assets/Trail.mat
  artifactKey: Guid(26f440feff6e9334e8f0ef7a723d9917) Importer(815301076,1909f56bfc062723c751e8b465ee728b)
Start importing Assets/Trail.mat using Guid(26f440feff6e9334e8f0ef7a723d9917) Importer(815301076,1909f56bfc062723c751e8b465ee728b)  -> (artifact id: 'e637d888c504bea7497380d22c25560b') in 0.013462 seconds 
========================================================================
Received Import Request.
  Time since last request: 898.762363 seconds.
  path: Assets/Trail.mat
  artifactKey: Guid(26f440feff6e9334e8f0ef7a723d9917) Importer(815301076,1909f56bfc062723c751e8b465ee728b)
Start importing Assets/Trail.mat using Guid(26f440feff6e9334e8f0ef7a723d9917) Importer(815301076,1909f56bfc062723c751e8b465ee728b)  -> (artifact id: '4760077a8abc164a88b9eb95ecebe1d5') in 0.021112 seconds 
========================================================================
Received Prepare
Registering precompiled user dll's ...
Registered in 0.000543 seconds.
Begin MonoManager ReloadAssembly
Native extension for WindowsStandalone target not found
Refreshing native plugins compatible for Editor in 0.41 ms, found 0 plugins.
Preloading 0 native plugins for Editor in 0.00 ms.
Mono: successfully reloaded assembly
- Completed reload, in  0.724 seconds
Domain Reload Profiling:
	ReloadAssembly (725ms)
		BeginReloadAssembly (144ms)
			ExecutionOrderSort (0ms)
			DisableScriptedObjects (6ms)
			BackupInstance (0ms)
			ReleaseScriptingObjects (0ms)
			CreateAndSetChildDomain (29ms)
		EndReloadAssembly (477ms)
			LoadAssemblies (86ms)
			RebuildTransferFunctionScriptingTraits (0ms)
			SetupTypeCache (132ms)
			ReleaseScriptCaches (0ms)
			RebuildScriptCaches (35ms)
			SetupLoadedEditorAssemblies (202ms)
				LogAssemblyErrors (0ms)
				InitializePlatformSupportModulesInManaged (7ms)
				SetLoadedEditorAssemblies (1ms)
				RefreshPlugins (0ms)
				BeforeProcessingInitializeOnLoad (38ms)
				ProcessInitializeOnLoadAttributes (126ms)
				ProcessInitializeOnLoadMethodAttributes (22ms)
				AfterProcessingInitializeOnLoad (8ms)
				EditorAssembliesLoaded (0ms)
			ExecutionOrderSort2 (0ms)
			AwakeInstancesAfterBackupRestoration (7ms)
Platform modules already initialized, skipping
Refreshing native plugins compatible for Editor in 0.59 ms, found 0 plugins.
Preloading 0 native plugins for Editor in 0.00 ms.
Unloading 672 Unused Serialized files (Serialized files now loaded: 0)
Unloading 2 unused Assets / (24.6 KB). Loaded Objects now: 1251.
Memory consumption went from 143.6 MB to 143.6 MB.
Total: 2.192900 ms (FindLiveObjects: 0.131400 ms CreateObjectMapping: 0.027400 ms MarkObjects: 1.994200 ms  DeleteObjects: 0.038800 ms)

AssetImportParameters requested are different than current active one (requested -> active):
  custom:video-decoder-ogg-theora: a1e56fd34408186e4bbccfd4996cb3dc -> 
  custom:container-muxer-webm: aa71ff27fc2769a1b78a27578f13a17b -> 
  custom:container-demuxer-webm: 4f35f7cbe854078d1ac9338744f61a02 -> 
  custom:video-encoder-webm-vp8: eb34c28f22e8b96e1ab97ce403110664 -> 
  custom:audio-encoder-webm-vorbis: bf7c407c2cedff20999df2af8eb42d56 -> 
  custom:framework-win-MediaFoundation: 216162199b28c13a410421893ffa2e32 -> 
  custom:container-demuxer-ogg: 62fdf1f143b41e24485cea50d1cbac27 -> 
  custom:video-decoder-webm-vp8: 9c59270c3fd7afecdb556c50c9e8de78 -> 
  custom:audio-decoder-ogg-vorbis: bf7c407c2cedff20999df2af8eb42d56 -> 
========================================================================
Received Prepare
Registering precompiled user dll's ...
Registered in 0.000696 seconds.
Begin MonoManager ReloadAssembly
Native extension for WindowsStandalone target not found
Refreshing native plugins compatible for Editor in 0.41 ms, found 0 plugins.
Preloading 0 native plugins for Editor in 0.00 ms.
Mono: successfully reloaded assembly
- Completed reload, in  0.709 seconds
Domain Reload Profiling:
	ReloadAssembly (710ms)
		BeginReloadAssembly (137ms)
			ExecutionOrderSort (0ms)
			DisableScriptedObjects (7ms)
			BackupInstance (0ms)
			ReleaseScriptingObjects (0ms)
			CreateAndSetChildDomain (26ms)
		EndReloadAssembly (473ms)
			LoadAssemblies (81ms)
			RebuildTransferFunctionScriptingTraits (0ms)
			SetupTypeCache (125ms)
			ReleaseScriptCaches (0ms)
			RebuildScriptCaches (34ms)
			SetupLoadedEditorAssemblies (198ms)
				LogAssemblyErrors (0ms)
				InitializePlatformSupportModulesInManaged (6ms)
				SetLoadedEditorAssemblies (0ms)
				RefreshPlugins (0ms)
				BeforeProcessingInitializeOnLoad (38ms)
				ProcessInitializeOnLoadAttributes (123ms)
				ProcessInitializeOnLoadMethodAttributes (22ms)
				AfterProcessingInitializeOnLoad (8ms)
				EditorAssembliesLoaded (0ms)
			ExecutionOrderSort2 (0ms)
			AwakeInstancesAfterBackupRestoration (8ms)
Platform modules already initialized, skipping
Refreshing native plugins compatible for Editor in 0.54 ms, found 0 plugins.
Preloading 0 native plugins for Editor in 0.00 ms.
Unloading 672 Unused Serialized files (Serialized files now loaded: 0)
Unloading 2 unused Assets / (24.6 KB). Loaded Objects now: 1254.
Memory consumption went from 143.7 MB to 143.7 MB.
Total: 1.928400 ms (FindLiveObjects: 0.115100 ms CreateObjectMapping: 0.021600 ms MarkObjects: 1.774900 ms  DeleteObjects: 0.016200 ms)

AssetImportParameters requested are different than current active one (requested -> active):
  custom:video-decoder-ogg-theora: a1e56fd34408186e4bbccfd4996cb3dc -> 
  custom:container-muxer-webm: aa71ff27fc2769a1b78a27578f13a17b -> 
  custom:container-demuxer-webm: 4f35f7cbe854078d1ac9338744f61a02 -> 
  custom:video-encoder-webm-vp8: eb34c28f22e8b96e1ab97ce403110664 -> 
  custom:audio-encoder-webm-vorbis: bf7c407c2cedff20999df2af8eb42d56 -> 
  custom:framework-win-MediaFoundation: 216162199b28c13a410421893ffa2e32 -> 
  custom:container-demuxer-ogg: 62fdf1f143b41e24485cea50d1cbac27 -> 
  custom:video-decoder-webm-vp8: 9c59270c3fd7afecdb556c50c9e8de78 -> 
  custom:audio-decoder-ogg-vorbis: bf7c407c2cedff20999df2af8eb42d56 -> 
========================================================================
Received Prepare
Registering precompiled user dll's ...
Registered in 0.000498 seconds.
Begin MonoManager ReloadAssembly
Native extension for WindowsStandalone target not found
Refreshing native plugins compatible for Editor in 0.40 ms, found 0 plugins.
Preloading 0 native plugins for Editor in 0.00 ms.
Mono: successfully reloaded assembly
- Completed reload, in  0.707 seconds
Domain Reload Profiling:
	ReloadAssembly (708ms)
		BeginReloadAssembly (138ms)
			ExecutionOrderSort (0ms)
			DisableScriptedObjects (6ms)
			BackupInstance (0ms)
			ReleaseScriptingObjects (0ms)
			CreateAndSetChildDomain (25ms)
		EndReloadAssembly (468ms)
			LoadAssemblies (84ms)
			RebuildTransferFunctionScriptingTraits (0ms)
			SetupTypeCache (130ms)
			ReleaseScriptCaches (0ms)
			RebuildScriptCaches (34ms)
			SetupLoadedEditorAssemblies (198ms)
				LogAssemblyErrors (0ms)
				InitializePlatformSupportModulesInManaged (6ms)
				SetLoadedEditorAssemblies (0ms)
				RefreshPlugins (0ms)
				BeforeProcessingInitializeOnLoad (37ms)
				ProcessInitializeOnLoadAttributes (124ms)
				ProcessInitializeOnLoadMethodAttributes (23ms)
				AfterProcessingInitializeOnLoad (8ms)
				EditorAssembliesLoaded (0ms)
			ExecutionOrderSort2 (0ms)
			AwakeInstancesAfterBackupRestoration (9ms)
Platform modules already initialized, skipping
Refreshing native plugins compatible for Editor in 0.88 ms, found 0 plugins.
Preloading 0 native plugins for Editor in 0.00 ms.
Unloading 672 Unused Serialized files (Serialized files now loaded: 0)
Unloading 2 unused Assets / (24.6 KB). Loaded Objects now: 1257.
Memory consumption went from 143.7 MB to 143.6 MB.
Total: 2.678700 ms (FindLiveObjects: 0.239900 ms CreateObjectMapping: 0.035400 ms MarkObjects: 2.372700 ms  DeleteObjects: 0.029100 ms)

AssetImportParameters requested are different than current active one (requested -> active):
  custom:video-decoder-ogg-theora: a1e56fd34408186e4bbccfd4996cb3dc -> 
  custom:container-muxer-webm: aa71ff27fc2769a1b78a27578f13a17b -> 
  custom:container-demuxer-webm: 4f35f7cbe854078d1ac9338744f61a02 -> 
  custom:video-encoder-webm-vp8: eb34c28f22e8b96e1ab97ce403110664 -> 
  custom:audio-encoder-webm-vorbis: bf7c407c2cedff20999df2af8eb42d56 -> 
  custom:framework-win-MediaFoundation: 216162199b28c13a410421893ffa2e32 -> 
  custom:container-demuxer-ogg: 62fdf1f143b41e24485cea50d1cbac27 -> 
  custom:video-decoder-webm-vp8: 9c59270c3fd7afecdb556c50c9e8de78 -> 
  custom:audio-decoder-ogg-vorbis: bf7c407c2cedff20999df2af8eb42d56 -> 
========================================================================
Received Prepare
Registering precompiled user dll's ...
Registered in 0.000505 seconds.
Begin MonoManager ReloadAssembly
Native extension for WindowsStandalone target not found
Refreshing native plugins compatible for Editor in 0.43 ms, found 0 plugins.
Preloading 0 native plugins for Editor in 0.00 ms.
Mono: successfully reloaded assembly
- Completed reload, in  1.000 seconds
Domain Reload Profiling:
	ReloadAssembly (1001ms)
		BeginReloadAssembly (139ms)
			ExecutionOrderSort (0ms)
			DisableScriptedObjects (6ms)
			BackupInstance (0ms)
			ReleaseScriptingObjects (0ms)
			CreateAndSetChildDomain (24ms)
		EndReloadAssembly (759ms)
			LoadAssemblies (81ms)
			RebuildTransferFunctionScriptingTraits (0ms)
			SetupTypeCache (134ms)
			ReleaseScriptCaches (0ms)
			RebuildScriptCaches (67ms)
			SetupLoadedEditorAssemblies (186ms)
				LogAssemblyErrors (0ms)
				InitializePlatformSupportModulesInManaged (8ms)
				SetLoadedEditorAssemblies (1ms)
				RefreshPlugins (1ms)
				BeforeProcessingInitializeOnLoad (38ms)
				ProcessInitializeOnLoadAttributes (112ms)
				ProcessInitializeOnLoadMethodAttributes (20ms)
				AfterProcessingInitializeOnLoad (7ms)
				EditorAssembliesLoaded (0ms)
			ExecutionOrderSort2 (0ms)
			AwakeInstancesAfterBackupRestoration (7ms)
Platform modules already initialized, skipping
Refreshing native plugins compatible for Editor in 0.55 ms, found 0 plugins.
Preloading 0 native plugins for Editor in 0.00 ms.
Unloading 672 Unused Serialized files (Serialized files now loaded: 0)
Unloading 2 unused Assets / (24.6 KB). Loaded Objects now: 1260.
Memory consumption went from 143.7 MB to 143.6 MB.
Total: 1.928800 ms (FindLiveObjects: 0.115400 ms CreateObjectMapping: 0.031400 ms MarkObjects: 1.752900 ms  DeleteObjects: 0.028500 ms)

AssetImportParameters requested are different than current active one (requested -> active):
  custom:video-decoder-ogg-theora: a1e56fd34408186e4bbccfd4996cb3dc -> 
  custom:container-muxer-webm: aa71ff27fc2769a1b78a27578f13a17b -> 
  custom:container-demuxer-webm: 4f35f7cbe854078d1ac9338744f61a02 -> 
  custom:video-encoder-webm-vp8: eb34c28f22e8b96e1ab97ce403110664 -> 
  custom:audio-encoder-webm-vorbis: bf7c407c2cedff20999df2af8eb42d56 -> 
  custom:framework-win-MediaFoundation: 216162199b28c13a410421893ffa2e32 -> 
  custom:container-demuxer-ogg: 62fdf1f143b41e24485cea50d1cbac27 -> 
  custom:video-decoder-webm-vp8: 9c59270c3fd7afecdb556c50c9e8de78 -> 
  custom:audio-decoder-ogg-vorbis: bf7c407c2cedff20999df2af8eb42d56 -> 
========================================================================
Received Prepare
Registering precompiled user dll's ...
Registered in 0.000520 seconds.
Begin MonoManager ReloadAssembly
Native extension for WindowsStandalone target not found
Refreshing native plugins compatible for Editor in 0.39 ms, found 0 plugins.
Preloading 0 native plugins for Editor in 0.00 ms.
Mono: successfully reloaded assembly
- Completed reload, in  0.705 seconds
Domain Reload Profiling:
	ReloadAssembly (706ms)
		BeginReloadAssembly (134ms)
			ExecutionOrderSort (0ms)
			DisableScriptedObjects (7ms)
			BackupInstance (0ms)
			ReleaseScriptingObjects (0ms)
			CreateAndSetChildDomain (24ms)
		EndReloadAssembly (467ms)
			LoadAssemblies (83ms)
			RebuildTransferFunctionScriptingTraits (0ms)
			SetupTypeCache (127ms)
			ReleaseScriptCaches (0ms)
			RebuildScriptCaches (34ms)
			SetupLoadedEditorAssemblies (197ms)
				LogAssemblyErrors (0ms)
				InitializePlatformSupportModulesInManaged (6ms)
				SetLoadedEditorAssemblies (1ms)
				RefreshPlugins (0ms)
				BeforeProcessingInitializeOnLoad (37ms)
				ProcessInitializeOnLoadAttributes (121ms)
				ProcessInitializeOnLoadMethodAttributes (22ms)
				AfterProcessingInitializeOnLoad (9ms)
				EditorAssembliesLoaded (0ms)
			ExecutionOrderSort2 (0ms)
			AwakeInstancesAfterBackupRestoration (9ms)
Platform modules already initialized, skipping
Refreshing native plugins compatible for Editor in 0.59 ms, found 0 plugins.
Preloading 0 native plugins for Editor in 0.00 ms.
Unloading 672 Unused Serialized files (Serialized files now loaded: 0)
Unloading 2 unused Assets / (24.7 KB). Loaded Objects now: 1263.
Memory consumption went from 143.7 MB to 143.6 MB.
Total: 3.317600 ms (FindLiveObjects: 0.129100 ms CreateObjectMapping: 0.058100 ms MarkObjects: 3.105600 ms  DeleteObjects: 0.024100 ms)

AssetImportParameters requested are different than current active one (requested -> active):
  custom:video-decoder-ogg-theora: a1e56fd34408186e4bbccfd4996cb3dc -> 
  custom:container-muxer-webm: aa71ff27fc2769a1b78a27578f13a17b -> 
  custom:container-demuxer-webm: 4f35f7cbe854078d1ac9338744f61a02 -> 
  custom:video-encoder-webm-vp8: eb34c28f22e8b96e1ab97ce403110664 -> 
  custom:audio-encoder-webm-vorbis: bf7c407c2cedff20999df2af8eb42d56 -> 
  custom:framework-win-MediaFoundation: 216162199b28c13a410421893ffa2e32 -> 
  custom:container-demuxer-ogg: 62fdf1f143b41e24485cea50d1cbac27 -> 
  custom:video-decoder-webm-vp8: 9c59270c3fd7afecdb556c50c9e8de78 -> 
  custom:audio-decoder-ogg-vorbis: bf7c407c2cedff20999df2af8eb42d56 -> 
========================================================================
Received Prepare
Registering precompiled user dll's ...
Registered in 0.000492 seconds.
Begin MonoManager ReloadAssembly
Native extension for WindowsStandalone target not found
Refreshing native plugins compatible for Editor in 0.39 ms, found 0 plugins.
Preloading 0 native plugins for Editor in 0.00 ms.
Mono: successfully reloaded assembly
- Completed reload, in  0.813 seconds
Domain Reload Profiling:
	ReloadAssembly (814ms)
		BeginReloadAssembly (132ms)
			ExecutionOrderSort (0ms)
			DisableScriptedObjects (6ms)
			BackupInstance (0ms)
			ReleaseScriptingObjects (0ms)
			CreateAndSetChildDomain (23ms)
		EndReloadAssembly (578ms)
			LoadAssemblies (81ms)
			RebuildTransferFunctionScriptingTraits (0ms)
			SetupTypeCache (131ms)
			ReleaseScriptCaches (0ms)
			RebuildScriptCaches (38ms)
			SetupLoadedEditorAssemblies (201ms)
				LogAssemblyErrors (0ms)
				InitializePlatformSupportModulesInManaged (6ms)
				SetLoadedEditorAssemblies (0ms)
				RefreshPlugins (0ms)
				BeforeProcessingInitializeOnLoad (39ms)
				ProcessInitializeOnLoadAttributes (123ms)
				ProcessInitializeOnLoadMethodAttributes (23ms)
				AfterProcessingInitializeOnLoad (8ms)
				EditorAssembliesLoaded (0ms)
			ExecutionOrderSort2 (0ms)
			AwakeInstancesAfterBackupRestoration (16ms)
Platform modules already initialized, skipping
Refreshing native plugins compatible for Editor in 0.57 ms, found 0 plugins.
Preloading 0 native plugins for Editor in 0.00 ms.
Unloading 672 Unused Serialized files (Serialized files now loaded: 0)
Unloading 2 unused Assets / (24.6 KB). Loaded Objects now: 1266.
Memory consumption went from 143.7 MB to 143.7 MB.
Total: 2.043200 ms (FindLiveObjects: 0.119300 ms CreateObjectMapping: 0.022100 ms MarkObjects: 1.881400 ms  DeleteObjects: 0.019500 ms)

AssetImportParameters requested are different than current active one (requested -> active):
  custom:video-decoder-ogg-theora: a1e56fd34408186e4bbccfd4996cb3dc -> 
  custom:container-muxer-webm: aa71ff27fc2769a1b78a27578f13a17b -> 
  custom:container-demuxer-webm: 4f35f7cbe854078d1ac9338744f61a02 -> 
  custom:video-encoder-webm-vp8: eb34c28f22e8b96e1ab97ce403110664 -> 
  custom:audio-encoder-webm-vorbis: bf7c407c2cedff20999df2af8eb42d56 -> 
  custom:framework-win-MediaFoundation: 216162199b28c13a410421893ffa2e32 -> 
  custom:container-demuxer-ogg: 62fdf1f143b41e24485cea50d1cbac27 -> 
  custom:video-decoder-webm-vp8: 9c59270c3fd7afecdb556c50c9e8de78 -> 
  custom:audio-decoder-ogg-vorbis: bf7c407c2cedff20999df2af8eb42d56 -> 
========================================================================
Received Prepare
Registering precompiled user dll's ...
Registered in 0.001749 seconds.
Begin MonoManager ReloadAssembly
Native extension for WindowsStandalone target not found
Refreshing native plugins compatible for Editor in 0.39 ms, found 0 plugins.
Preloading 0 native plugins for Editor in 0.00 ms.
Mono: successfully reloaded assembly
- Completed reload, in  0.693 seconds
Domain Reload Profiling:
	ReloadAssembly (693ms)
		BeginReloadAssembly (131ms)
			ExecutionOrderSort (0ms)
			DisableScriptedObjects (6ms)
			BackupInstance (0ms)
			ReleaseScriptingObjects (0ms)
			CreateAndSetChildDomain (22ms)
		EndReloadAssembly (464ms)
			LoadAssemblies (78ms)
			RebuildTransferFunctionScriptingTraits (0ms)
			SetupTypeCache (129ms)
			ReleaseScriptCaches (0ms)
			RebuildScriptCaches (34ms)
			SetupLoadedEditorAssemblies (198ms)
				LogAssemblyErrors (0ms)
				InitializePlatformSupportModulesInManaged (7ms)
				SetLoadedEditorAssemblies (0ms)
				RefreshPlugins (0ms)
				BeforeProcessingInitializeOnLoad (37ms)
				ProcessInitializeOnLoadAttributes (122ms)
				ProcessInitializeOnLoadMethodAttributes (22ms)
				AfterProcessingInitializeOnLoad (10ms)
				EditorAssembliesLoaded (0ms)
			ExecutionOrderSort2 (0ms)
			AwakeInstancesAfterBackupRestoration (7ms)
Platform modules already initialized, skipping
Refreshing native plugins compatible for Editor in 1.05 ms, found 0 plugins.
Preloading 0 native plugins for Editor in 0.00 ms.
Unloading 672 Unused Serialized files (Serialized files now loaded: 0)
Unloading 2 unused Assets / (24.7 KB). Loaded Objects now: 1269.
Memory consumption went from 143.7 MB to 143.7 MB.
Total: 2.782300 ms (FindLiveObjects: 0.140900 ms CreateObjectMapping: 0.024300 ms MarkObjects: 2.596800 ms  DeleteObjects: 0.019300 ms)

AssetImportParameters requested are different than current active one (requested -> active):
  custom:video-decoder-ogg-theora: a1e56fd34408186e4bbccfd4996cb3dc -> 
  custom:container-muxer-webm: aa71ff27fc2769a1b78a27578f13a17b -> 
  custom:container-demuxer-webm: 4f35f7cbe854078d1ac9338744f61a02 -> 
  custom:video-encoder-webm-vp8: eb34c28f22e8b96e1ab97ce403110664 -> 
  custom:audio-encoder-webm-vorbis: bf7c407c2cedff20999df2af8eb42d56 -> 
  custom:framework-win-MediaFoundation: 216162199b28c13a410421893ffa2e32 -> 
  custom:container-demuxer-ogg: 62fdf1f143b41e24485cea50d1cbac27 -> 
  custom:video-decoder-webm-vp8: 9c59270c3fd7afecdb556c50c9e8de78 -> 
  custom:audio-decoder-ogg-vorbis: bf7c407c2cedff20999df2af8eb42d56 -> 
========================================================================
Received Prepare
Registering precompiled user dll's ...
Registered in 0.000502 seconds.
Begin MonoManager ReloadAssembly
Native extension for WindowsStandalone target not found
Refreshing native plugins compatible for Editor in 0.41 ms, found 0 plugins.
Preloading 0 native plugins for Editor in 0.00 ms.
Mono: successfully reloaded assembly
- Completed reload, in  0.700 seconds
Domain Reload Profiling:
	ReloadAssembly (701ms)
		BeginReloadAssembly (132ms)
			ExecutionOrderSort (0ms)
			DisableScriptedObjects (7ms)
			BackupInstance (0ms)
			ReleaseScriptingObjects (0ms)
			CreateAndSetChildDomain (20ms)
		EndReloadAssembly (470ms)
			LoadAssemblies (80ms)
			RebuildTransferFunctionScriptingTraits (0ms)
			SetupTypeCache (128ms)
			ReleaseScriptCaches (0ms)
			RebuildScriptCaches (35ms)
			SetupLoadedEditorAssemblies (199ms)
				LogAssemblyErrors (0ms)
				InitializePlatformSupportModulesInManaged (6ms)
				SetLoadedEditorAssemblies (1ms)
				RefreshPlugins (0ms)
				BeforeProcessingInitializeOnLoad (37ms)
				ProcessInitializeOnLoadAttributes (122ms)
				ProcessInitializeOnLoadMethodAttributes (22ms)
				AfterProcessingInitializeOnLoad (10ms)
				EditorAssembliesLoaded (0ms)
			ExecutionOrderSort2 (0ms)
			AwakeInstancesAfterBackupRestoration (7ms)
Platform modules already initialized, skipping
Refreshing native plugins compatible for Editor in 0.63 ms, found 0 plugins.
Preloading 0 native plugins for Editor in 0.00 ms.
Unloading 672 Unused Serialized files (Serialized files now loaded: 0)
Unloading 2 unused Assets / (24.7 KB). Loaded Objects now: 1272.
Memory consumption went from 143.7 MB to 143.7 MB.
Total: 2.083400 ms (FindLiveObjects: 0.132800 ms CreateObjectMapping: 0.025900 ms MarkObjects: 1.903400 ms  DeleteObjects: 0.020400 ms)

AssetImportParameters requested are different than current active one (requested -> active):
  custom:video-decoder-ogg-theora: a1e56fd34408186e4bbccfd4996cb3dc -> 
  custom:container-muxer-webm: aa71ff27fc2769a1b78a27578f13a17b -> 
  custom:container-demuxer-webm: 4f35f7cbe854078d1ac9338744f61a02 -> 
  custom:video-encoder-webm-vp8: eb34c28f22e8b96e1ab97ce403110664 -> 
  custom:audio-encoder-webm-vorbis: bf7c407c2cedff20999df2af8eb42d56 -> 
  custom:framework-win-MediaFoundation: 216162199b28c13a410421893ffa2e32 -> 
  custom:container-demuxer-ogg: 62fdf1f143b41e24485cea50d1cbac27 -> 
  custom:video-decoder-webm-vp8: 9c59270c3fd7afecdb556c50c9e8de78 -> 
  custom:audio-decoder-ogg-vorbis: bf7c407c2cedff20999df2af8eb42d56 -> 
========================================================================
Received Prepare
Registering precompiled user dll's ...
Registered in 0.000508 seconds.
Begin MonoManager ReloadAssembly
Native extension for WindowsStandalone target not found
Refreshing native plugins compatible for Editor in 0.40 ms, found 0 plugins.
Preloading 0 native plugins for Editor in 0.00 ms.
Mono: successfully reloaded assembly
- Completed reload, in  0.701 seconds
Domain Reload Profiling:
	ReloadAssembly (702ms)
		BeginReloadAssembly (130ms)
			ExecutionOrderSort (0ms)
			DisableScriptedObjects (6ms)
			BackupInstance (0ms)
			ReleaseScriptingObjects (0ms)
			CreateAndSetChildDomain (23ms)
		EndReloadAssembly (471ms)
			LoadAssemblies (79ms)
			RebuildTransferFunctionScriptingTraits (0ms)
			SetupTypeCache (130ms)
			ReleaseScriptCaches (0ms)
			RebuildScriptCaches (35ms)
			SetupLoadedEditorAssemblies (201ms)
				LogAssemblyErrors (0ms)
				InitializePlatformSupportModulesInManaged (6ms)
				SetLoadedEditorAssemblies (0ms)
				RefreshPlugins (0ms)
				BeforeProcessingInitializeOnLoad (36ms)
				ProcessInitializeOnLoadAttributes (126ms)
				ProcessInitializeOnLoadMethodAttributes (22ms)
				AfterProcessingInitializeOnLoad (9ms)
				EditorAssembliesLoaded (0ms)
			ExecutionOrderSort2 (0ms)
			AwakeInstancesAfterBackupRestoration (7ms)
Platform modules already initialized, skipping
Refreshing native plugins compatible for Editor in 0.73 ms, found 0 plugins.
Preloading 0 native plugins for Editor in 0.00 ms.
Unloading 672 Unused Serialized files (Serialized files now loaded: 0)
Unloading 2 unused Assets / (24.6 KB). Loaded Objects now: 1275.
Memory consumption went from 143.7 MB to 143.7 MB.
Total: 3.462800 ms (FindLiveObjects: 0.124200 ms CreateObjectMapping: 0.023200 ms MarkObjects: 3.294200 ms  DeleteObjects: 0.020200 ms)

AssetImportParameters requested are different than current active one (requested -> active):
  custom:video-decoder-ogg-theora: a1e56fd34408186e4bbccfd4996cb3dc -> 
  custom:container-muxer-webm: aa71ff27fc2769a1b78a27578f13a17b -> 
  custom:container-demuxer-webm: 4f35f7cbe854078d1ac9338744f61a02 -> 
  custom:video-encoder-webm-vp8: eb34c28f22e8b96e1ab97ce403110664 -> 
  custom:audio-encoder-webm-vorbis: bf7c407c2cedff20999df2af8eb42d56 -> 
  custom:framework-win-MediaFoundation: 216162199b28c13a410421893ffa2e32 -> 
  custom:container-demuxer-ogg: 62fdf1f143b41e24485cea50d1cbac27 -> 
  custom:video-decoder-webm-vp8: 9c59270c3fd7afecdb556c50c9e8de78 -> 
  custom:audio-decoder-ogg-vorbis: bf7c407c2cedff20999df2af8eb42d56 -> 
========================================================================
Received Prepare
Registering precompiled user dll's ...
Registered in 0.000533 seconds.
Begin MonoManager ReloadAssembly
Native extension for WindowsStandalone target not found
Refreshing native plugins compatible for Editor in 0.39 ms, found 0 plugins.
Preloading 0 native plugins for Editor in 0.00 ms.
Mono: successfully reloaded assembly
- Completed reload, in  0.699 seconds
Domain Reload Profiling:
	ReloadAssembly (700ms)
		BeginReloadAssembly (135ms)
			ExecutionOrderSort (0ms)
			DisableScriptedObjects (6ms)
			BackupInstance (0ms)
			ReleaseScriptingObjects (0ms)
			CreateAndSetChildDomain (23ms)
		EndReloadAssembly (464ms)
			LoadAssemblies (79ms)
			RebuildTransferFunctionScriptingTraits (0ms)
			SetupTypeCache (126ms)
			ReleaseScriptCaches (0ms)
			RebuildScriptCaches (34ms)
			SetupLoadedEditorAssemblies (200ms)
				LogAssemblyErrors (0ms)
				InitializePlatformSupportModulesInManaged (6ms)
				SetLoadedEditorAssemblies (0ms)
				RefreshPlugins (0ms)
				BeforeProcessingInitializeOnLoad (37ms)
				ProcessInitializeOnLoadAttributes (126ms)
				ProcessInitializeOnLoadMethodAttributes (22ms)
				AfterProcessingInitializeOnLoad (8ms)
				EditorAssembliesLoaded (0ms)
			ExecutionOrderSort2 (0ms)
			AwakeInstancesAfterBackupRestoration (8ms)
Platform modules already initialized, skipping
Refreshing native plugins compatible for Editor in 0.56 ms, found 0 plugins.
Preloading 0 native plugins for Editor in 0.00 ms.
Unloading 672 Unused Serialized files (Serialized files now loaded: 0)
Unloading 2 unused Assets / (24.7 KB). Loaded Objects now: 1278.
Memory consumption went from 143.7 MB to 143.7 MB.
Total: 2.201100 ms (FindLiveObjects: 0.137400 ms CreateObjectMapping: 0.025900 ms MarkObjects: 2.015500 ms  DeleteObjects: 0.020700 ms)

AssetImportParameters requested are different than current active one (requested -> active):
  custom:video-decoder-ogg-theora: a1e56fd34408186e4bbccfd4996cb3dc -> 
  custom:container-muxer-webm: aa71ff27fc2769a1b78a27578f13a17b -> 
  custom:container-demuxer-webm: 4f35f7cbe854078d1ac9338744f61a02 -> 
  custom:video-encoder-webm-vp8: eb34c28f22e8b96e1ab97ce403110664 -> 
  custom:audio-encoder-webm-vorbis: bf7c407c2cedff20999df2af8eb42d56 -> 
  custom:framework-win-MediaFoundation: 216162199b28c13a410421893ffa2e32 -> 
  custom:container-demuxer-ogg: 62fdf1f143b41e24485cea50d1cbac27 -> 
  custom:video-decoder-webm-vp8: 9c59270c3fd7afecdb556c50c9e8de78 -> 
  custom:audio-decoder-ogg-vorbis: bf7c407c2cedff20999df2af8eb42d56 -> 
========================================================================
Received Prepare
Registering precompiled user dll's ...
Registered in 0.000522 seconds.
Begin MonoManager ReloadAssembly
Native extension for WindowsStandalone target not found
Refreshing native plugins compatible for Editor in 0.39 ms, found 0 plugins.
Preloading 0 native plugins for Editor in 0.00 ms.
Mono: successfully reloaded assembly
- Completed reload, in  0.696 seconds
Domain Reload Profiling:
	ReloadAssembly (697ms)
		BeginReloadAssembly (131ms)
			ExecutionOrderSort (0ms)
			DisableScriptedObjects (6ms)
			BackupInstance (0ms)
			ReleaseScriptingObjects (0ms)
			CreateAndSetChildDomain (21ms)
		EndReloadAssembly (465ms)
			LoadAssemblies (78ms)
			RebuildTransferFunctionScriptingTraits (0ms)
			SetupTypeCache (129ms)
			ReleaseScriptCaches (0ms)
			RebuildScriptCaches (33ms)
			SetupLoadedEditorAssemblies (200ms)
				LogAssemblyErrors (0ms)
				InitializePlatformSupportModulesInManaged (6ms)
				SetLoadedEditorAssemblies (0ms)
				RefreshPlugins (0ms)
				BeforeProcessingInitializeOnLoad (37ms)
				ProcessInitializeOnLoadAttributes (126ms)
				ProcessInitializeOnLoadMethodAttributes (22ms)
				AfterProcessingInitializeOnLoad (8ms)
				EditorAssembliesLoaded (0ms)
			ExecutionOrderSort2 (0ms)
			AwakeInstancesAfterBackupRestoration (7ms)
Platform modules already initialized, skipping
Refreshing native plugins compatible for Editor in 1.11 ms, found 0 plugins.
Preloading 0 native plugins for Editor in 0.00 ms.
Unloading 672 Unused Serialized files (Serialized files now loaded: 0)
Unloading 2 unused Assets / (24.6 KB). Loaded Objects now: 1281.
Memory consumption went from 143.7 MB to 143.7 MB.
Total: 10.072300 ms (FindLiveObjects: 5.391900 ms CreateObjectMapping: 0.176000 ms MarkObjects: 4.473000 ms  DeleteObjects: 0.030300 ms)

AssetImportParameters requested are different than current active one (requested -> active):
  custom:video-decoder-ogg-theora: a1e56fd34408186e4bbccfd4996cb3dc -> 
  custom:container-muxer-webm: aa71ff27fc2769a1b78a27578f13a17b -> 
  custom:container-demuxer-webm: 4f35f7cbe854078d1ac9338744f61a02 -> 
  custom:video-encoder-webm-vp8: eb34c28f22e8b96e1ab97ce403110664 -> 
  custom:audio-encoder-webm-vorbis: bf7c407c2cedff20999df2af8eb42d56 -> 
  custom:framework-win-MediaFoundation: 216162199b28c13a410421893ffa2e32 -> 
  custom:container-demuxer-ogg: 62fdf1f143b41e24485cea50d1cbac27 -> 
  custom:video-decoder-webm-vp8: 9c59270c3fd7afecdb556c50c9e8de78 -> 
  custom:audio-decoder-ogg-vorbis: bf7c407c2cedff20999df2af8eb42d56 -> 
========================================================================
Received Import Request.
  Time since last request: 1231.836914 seconds.
  path: Assets/Trail.mat
  artifactKey: Guid(26f440feff6e9334e8f0ef7a723d9917) Importer(815301076,1909f56bfc062723c751e8b465ee728b)
Start importing Assets/Trail.mat using Guid(26f440feff6e9334e8f0ef7a723d9917) Importer(815301076,1909f56bfc062723c751e8b465ee728b)  -> (artifact id: 'f8a33ac827734c9ac3b7457f2cce6c70') in 0.167706 seconds 
========================================================================
Received Prepare
Registering precompiled user dll's ...
Registered in 0.000527 seconds.
Begin MonoManager ReloadAssembly
Native extension for WindowsStandalone target not found
Refreshing native plugins compatible for Editor in 0.39 ms, found 0 plugins.
Preloading 0 native plugins for Editor in 0.00 ms.
Mono: successfully reloaded assembly
- Completed reload, in  0.717 seconds
Domain Reload Profiling:
	ReloadAssembly (718ms)
		BeginReloadAssembly (148ms)
			ExecutionOrderSort (0ms)
			DisableScriptedObjects (5ms)
			BackupInstance (0ms)
			ReleaseScriptingObjects (0ms)
			CreateAndSetChildDomain (33ms)
		EndReloadAssembly (458ms)
			LoadAssemblies (87ms)
			RebuildTransferFunctionScriptingTraits (0ms)
			SetupTypeCache (124ms)
			ReleaseScriptCaches (1ms)
			RebuildScriptCaches (33ms)
			SetupLoadedEditorAssemblies (198ms)
				LogAssemblyErrors (0ms)
				InitializePlatformSupportModulesInManaged (6ms)
				SetLoadedEditorAssemblies (1ms)
				RefreshPlugins (0ms)
				BeforeProcessingInitializeOnLoad (36ms)
				ProcessInitializeOnLoadAttributes (125ms)
				ProcessInitializeOnLoadMethodAttributes (22ms)
				AfterProcessingInitializeOnLoad (8ms)
				EditorAssembliesLoaded (0ms)
			ExecutionOrderSort2 (0ms)
			AwakeInstancesAfterBackupRestoration (8ms)
Platform modules already initialized, skipping
Refreshing native plugins compatible for Editor in 0.74 ms, found 0 plugins.
Preloading 0 native plugins for Editor in 0.00 ms.
Unloading 672 Unused Serialized files (Serialized files now loaded: 0)
Unloading 2 unused Assets / (24.6 KB). Loaded Objects now: 1284.
Memory consumption went from 143.7 MB to 143.7 MB.
Total: 3.872800 ms (FindLiveObjects: 0.206100 ms CreateObjectMapping: 0.767400 ms MarkObjects: 2.875500 ms  DeleteObjects: 0.022500 ms)

AssetImportParameters requested are different than current active one (requested -> active):
  custom:video-decoder-ogg-theora: a1e56fd34408186e4bbccfd4996cb3dc -> 
  custom:container-muxer-webm: aa71ff27fc2769a1b78a27578f13a17b -> 
  custom:container-demuxer-webm: 4f35f7cbe854078d1ac9338744f61a02 -> 
  custom:video-encoder-webm-vp8: eb34c28f22e8b96e1ab97ce403110664 -> 
  custom:audio-encoder-webm-vorbis: bf7c407c2cedff20999df2af8eb42d56 -> 
  custom:framework-win-MediaFoundation: 216162199b28c13a410421893ffa2e32 -> 
  custom:container-demuxer-ogg: 62fdf1f143b41e24485cea50d1cbac27 -> 
  custom:video-decoder-webm-vp8: 9c59270c3fd7afecdb556c50c9e8de78 -> 
  custom:audio-decoder-ogg-vorbis: bf7c407c2cedff20999df2af8eb42d56 -> 
========================================================================
Received Import Request.
  Time since last request: 1138.918097 seconds.
  path: Assets/Trail.mat
  artifactKey: Guid(26f440feff6e9334e8f0ef7a723d9917) Importer(815301076,1909f56bfc062723c751e8b465ee728b)
Start importing Assets/Trail.mat using Guid(26f440feff6e9334e8f0ef7a723d9917) Importer(815301076,1909f56bfc062723c751e8b465ee728b)  -> (artifact id: '84f6dd05fbbf4a534044756f27c72892') in 0.137758 seconds 
========================================================================
Received Prepare
Registering precompiled user dll's ...
Registered in 0.000509 seconds.
Begin MonoManager ReloadAssembly
Native extension for WindowsStandalone target not found
Refreshing native plugins compatible for Editor in 0.49 ms, found 0 plugins.
Preloading 0 native plugins for Editor in 0.00 ms.
Mono: successfully reloaded assembly
- Completed reload, in  0.818 seconds
Domain Reload Profiling:
	ReloadAssembly (819ms)
		BeginReloadAssembly (136ms)
			ExecutionOrderSort (0ms)
			DisableScriptedObjects (6ms)
			BackupInstance (0ms)
			ReleaseScriptingObjects (0ms)
			CreateAndSetChildDomain (28ms)
		EndReloadAssembly (587ms)
			LoadAssemblies (81ms)
			RebuildTransferFunctionScriptingTraits (0ms)
			SetupTypeCache (205ms)
			ReleaseScriptCaches (1ms)
			RebuildScriptCaches (54ms)
			SetupLoadedEditorAssemblies (194ms)
				LogAssemblyErrors (0ms)
				InitializePlatformSupportModulesInManaged (8ms)
				SetLoadedEditorAssemblies (0ms)
				RefreshPlugins (1ms)
				BeforeProcessingInitializeOnLoad (37ms)
				ProcessInitializeOnLoadAttributes (116ms)
				ProcessInitializeOnLoadMethodAttributes (24ms)
				AfterProcessingInitializeOnLoad (7ms)
				EditorAssembliesLoaded (0ms)
			ExecutionOrderSort2 (0ms)
			AwakeInstancesAfterBackupRestoration (7ms)
Platform modules already initialized, skipping
Refreshing native plugins compatible for Editor in 0.61 ms, found 0 plugins.
Preloading 0 native plugins for Editor in 0.00 ms.
Unloading 672 Unused Serialized files (Serialized files now loaded: 0)
Unloading 2 unused Assets / (24.6 KB). Loaded Objects now: 1287.
Memory consumption went from 143.7 MB to 143.7 MB.
Total: 2.481200 ms (FindLiveObjects: 0.193500 ms CreateObjectMapping: 0.046500 ms MarkObjects: 2.219300 ms  DeleteObjects: 0.020800 ms)

AssetImportParameters requested are different than current active one (requested -> active):
  custom:video-decoder-ogg-theora: a1e56fd34408186e4bbccfd4996cb3dc -> 
  custom:container-muxer-webm: aa71ff27fc2769a1b78a27578f13a17b -> 
  custom:container-demuxer-webm: 4f35f7cbe854078d1ac9338744f61a02 -> 
  custom:video-encoder-webm-vp8: eb34c28f22e8b96e1ab97ce403110664 -> 
  custom:audio-encoder-webm-vorbis: bf7c407c2cedff20999df2af8eb42d56 -> 
  custom:framework-win-MediaFoundation: 216162199b28c13a410421893ffa2e32 -> 
  custom:container-demuxer-ogg: 62fdf1f143b41e24485cea50d1cbac27 -> 
  custom:video-decoder-webm-vp8: 9c59270c3fd7afecdb556c50c9e8de78 -> 
  custom:audio-decoder-ogg-vorbis: bf7c407c2cedff20999df2af8eb42d56 -> 
========================================================================
Received Prepare
Registering precompiled user dll's ...
Registered in 0.000504 seconds.
Begin MonoManager ReloadAssembly
Native extension for WindowsStandalone target not found
Refreshing native plugins compatible for Editor in 0.47 ms, found 0 plugins.
Preloading 0 native plugins for Editor in 0.00 ms.
Mono: successfully reloaded assembly
- Completed reload, in  0.691 seconds
Domain Reload Profiling:
	ReloadAssembly (691ms)
		BeginReloadAssembly (129ms)
			ExecutionOrderSort (0ms)
			DisableScriptedObjects (6ms)
			BackupInstance (0ms)
			ReleaseScriptingObjects (0ms)
			CreateAndSetChildDomain (24ms)
		EndReloadAssembly (466ms)
			LoadAssemblies (77ms)
			RebuildTransferFunctionScriptingTraits (0ms)
			SetupTypeCache (124ms)
			ReleaseScriptCaches (0ms)
			RebuildScriptCaches (39ms)
			SetupLoadedEditorAssemblies (195ms)
				LogAssemblyErrors (0ms)
				InitializePlatformSupportModulesInManaged (6ms)
				SetLoadedEditorAssemblies (0ms)
				RefreshPlugins (1ms)
				BeforeProcessingInitializeOnLoad (37ms)
				ProcessInitializeOnLoadAttributes (122ms)
				ProcessInitializeOnLoadMethodAttributes (21ms)
				AfterProcessingInitializeOnLoad (8ms)
				EditorAssembliesLoaded (1ms)
			ExecutionOrderSort2 (0ms)
			AwakeInstancesAfterBackupRestoration (9ms)
Platform modules already initialized, skipping
Refreshing native plugins compatible for Editor in 0.59 ms, found 0 plugins.
Preloading 0 native plugins for Editor in 0.00 ms.
Unloading 672 Unused Serialized files (Serialized files now loaded: 0)
Unloading 2 unused Assets / (24.6 KB). Loaded Objects now: 1290.
Memory consumption went from 143.8 MB to 143.8 MB.
Total: 2.123400 ms (FindLiveObjects: 0.134500 ms CreateObjectMapping: 0.028700 ms MarkObjects: 1.937500 ms  DeleteObjects: 0.021700 ms)

AssetImportParameters requested are different than current active one (requested -> active):
  custom:video-decoder-ogg-theora: a1e56fd34408186e4bbccfd4996cb3dc -> 
  custom:container-muxer-webm: aa71ff27fc2769a1b78a27578f13a17b -> 
  custom:container-demuxer-webm: 4f35f7cbe854078d1ac9338744f61a02 -> 
  custom:video-encoder-webm-vp8: eb34c28f22e8b96e1ab97ce403110664 -> 
  custom:audio-encoder-webm-vorbis: bf7c407c2cedff20999df2af8eb42d56 -> 
  custom:framework-win-MediaFoundation: 216162199b28c13a410421893ffa2e32 -> 
  custom:container-demuxer-ogg: 62fdf1f143b41e24485cea50d1cbac27 -> 
  custom:video-decoder-webm-vp8: 9c59270c3fd7afecdb556c50c9e8de78 -> 
  custom:audio-decoder-ogg-vorbis: bf7c407c2cedff20999df2af8eb42d56 -> 
========================================================================
Received Import Request.
  Time since last request: 664.390000 seconds.
  path: Assets/PauseMenu.cs
  artifactKey: Guid(975099fb070d1f64096b1210a1db33e4) Importer(815301076,1909f56bfc062723c751e8b465ee728b)
Start importing Assets/PauseMenu.cs using Guid(975099fb070d1f64096b1210a1db33e4) Importer(815301076,1909f56bfc062723c751e8b465ee728b)  -> (artifact id: '16a38e320753ef35486648b733883049') in 0.021375 seconds 
