Using pre-set license
Built from '2021.3/staging' branch; Version is '2021.3.24f1 (cf10dcf7010d) revision 13570268'; Using compiler version '192829333'; Build Type 'Release'
OS: 'Windows 10  (10.0.19044) 64bit Professional' Language: 'pl' Physical Memory: 16334 MB
BatchMode: 1, IsHumanControllingUs: 0, StartBugReporterOnCrash: 0, Is64bit: 1, IsPro: 1

COMMAND LINE ARGUMENTS:
C:\Program Files\Unity\Hub\Editor\2021.3.24f1\Editor\Unity.exe
-adb2
-batchMode
-noUpm
-name
AssetImportWorker0
-projectPath
C:/Users/Kuba/Desktop/SGP-R/STUNT GP RELOADED
-logFile
Logs/AssetImportWorker0.log
-srvPort
50910
Successfully changed project path to: C:/Users/Kuba/Desktop/SGP-R/STUNT GP RELOADED
C:/Users/Kuba/Desktop/SGP-R/STUNT GP RELOADED
[UnityMemory] Configuration Parameters - Can be set up in boot.config
    "memorysetup-bucket-allocator-granularity=16"
    "memorysetup-bucket-allocator-bucket-count=8"
    "memorysetup-bucket-allocator-block-size=33554432"
    "memorysetup-bucket-allocator-block-count=8"
    "memorysetup-main-allocator-block-size=16777216"
    "memorysetup-thread-allocator-block-size=16777216"
    "memorysetup-gfx-main-allocator-block-size=16777216"
    "memorysetup-gfx-thread-allocator-block-size=16777216"
    "memorysetup-cache-allocator-block-size=4194304"
    "memorysetup-typetree-allocator-block-size=2097152"
    "memorysetup-profiler-bucket-allocator-granularity=16"
    "memorysetup-profiler-bucket-allocator-bucket-count=8"
    "memorysetup-profiler-bucket-allocator-block-size=33554432"
    "memorysetup-profiler-bucket-allocator-block-count=8"
    "memorysetup-profiler-allocator-block-size=16777216"
    "memorysetup-profiler-editor-allocator-block-size=1048576"
    "memorysetup-temp-allocator-size-main=16777216"
    "memorysetup-job-temp-allocator-block-size=2097152"
    "memorysetup-job-temp-allocator-block-size-background=1048576"
    "memorysetup-job-temp-allocator-reduction-small-platforms=262144"
    "memorysetup-temp-allocator-size-background-worker=32768"
    "memorysetup-temp-allocator-size-job-worker=262144"
    "memorysetup-temp-allocator-size-preload-manager=33554432"
    "memorysetup-temp-allocator-size-nav-mesh-worker=65536"
    "memorysetup-temp-allocator-size-audio-worker=65536"
    "memorysetup-temp-allocator-size-cloud-worker=32768"
    "memorysetup-temp-allocator-size-gi-baking-worker=262144"
    "memorysetup-temp-allocator-size-gfx=262144"
Player connection [1632] Host "[IP] 192.168.1.2 [Port] 0 [Flags] 2 [Guid] 2430447897 [EditorId] 2430447897 [Version] 1048832 [Id] WindowsEditor(7,AsRock) [Debug] 1 [PackageName] WindowsEditor [ProjectName] Editor" joined multi-casting on [225.0.0.222:54997]...

Player connection [1632] Host "[IP] 192.168.1.2 [Port] 0 [Flags] 2 [Guid] 2430447897 [EditorId] 2430447897 [Version] 1048832 [Id] WindowsEditor(7,AsRock) [Debug] 1 [PackageName] WindowsEditor [ProjectName] Editor" joined alternative multi-casting on [225.0.0.222:34997]...

Refreshing native plugins compatible for Editor in 84.28 ms, found 0 plugins.
Preloading 0 native plugins for Editor in 0.00 ms.
Initialize engine version: 2021.3.24f1 (cf10dcf7010d)
[Subsystems] Discovering subsystems at path C:/Program Files/Unity/Hub/Editor/2021.3.24f1/Editor/Data/Resources/UnitySubsystems
[Subsystems] Discovering subsystems at path C:/Users/Kuba/Desktop/SGP-R/STUNT GP RELOADED/Assets
GfxDevice: creating device client; threaded=0; jobified=0
Direct3D:
    Version:  Direct3D 11.0 [level 11.1]
    Renderer: NVIDIA GeForce GTX 1070 (ID=0x1b81)
    Vendor:   NVIDIA
    VRAM:     8081 MB
    Driver:   31.0.15.3598
Initialize mono
Mono path[0] = 'C:/Program Files/Unity/Hub/Editor/2021.3.24f1/Editor/Data/Managed'
Mono path[1] = 'C:/Program Files/Unity/Hub/Editor/2021.3.24f1/Editor/Data/MonoBleedingEdge/lib/mono/unityjit-win32'
Mono config path = 'C:/Program Files/Unity/Hub/Editor/2021.3.24f1/Editor/Data/MonoBleedingEdge/etc'
Using monoOptions --debugger-agent=transport=dt_socket,embedding=1,server=y,suspend=n,address=127.0.0.1:56832
Begin MonoManager ReloadAssembly
Registering precompiled unity dll's ...
Register platform support module: C:/Program Files/Unity/Hub/Editor/2021.3.24f1/Editor/Data/PlaybackEngines/WindowsStandaloneSupport/UnityEditor.WindowsStandalone.Extensions.dll
Registered in 0.010972 seconds.
Native extension for WindowsStandalone target not found
Refreshing native plugins compatible for Editor in 59.92 ms, found 0 plugins.
Preloading 0 native plugins for Editor in 0.00 ms.
Mono: successfully reloaded assembly
- Completed reload, in  1.023 seconds
Domain Reload Profiling:
	ReloadAssembly (1024ms)
		BeginReloadAssembly (149ms)
			ExecutionOrderSort (0ms)
			DisableScriptedObjects (0ms)
			BackupInstance (0ms)
			ReleaseScriptingObjects (0ms)
			CreateAndSetChildDomain (1ms)
		EndReloadAssembly (700ms)
			LoadAssemblies (145ms)
			RebuildTransferFunctionScriptingTraits (0ms)
			SetupTypeCache (176ms)
			ReleaseScriptCaches (0ms)
			RebuildScriptCaches (49ms)
			SetupLoadedEditorAssemblies (391ms)
				LogAssemblyErrors (0ms)
				InitializePlatformSupportModulesInManaged (14ms)
				SetLoadedEditorAssemblies (0ms)
				RefreshPlugins (60ms)
				BeforeProcessingInitializeOnLoad (3ms)
				ProcessInitializeOnLoadAttributes (232ms)
				ProcessInitializeOnLoadMethodAttributes (81ms)
				AfterProcessingInitializeOnLoad (0ms)
				EditorAssembliesLoaded (0ms)
			ExecutionOrderSort2 (0ms)
			AwakeInstancesAfterBackupRestoration (0ms)
Platform modules already initialized, skipping
Registering precompiled user dll's ...
Registered in 0.000828 seconds.
Begin MonoManager ReloadAssembly
Native extension for WindowsStandalone target not found
Refreshing native plugins compatible for Editor in 0.47 ms, found 0 plugins.
Preloading 0 native plugins for Editor in 0.00 ms.
Mono: successfully reloaded assembly
- Completed reload, in  1.240 seconds
Domain Reload Profiling:
	ReloadAssembly (1241ms)
		BeginReloadAssembly (254ms)
			ExecutionOrderSort (0ms)
			DisableScriptedObjects (11ms)
			BackupInstance (0ms)
			ReleaseScriptingObjects (0ms)
			CreateAndSetChildDomain (36ms)
		EndReloadAssembly (761ms)
			LoadAssemblies (163ms)
			RebuildTransferFunctionScriptingTraits (0ms)
			SetupTypeCache (208ms)
			ReleaseScriptCaches (0ms)
			RebuildScriptCaches (61ms)
			SetupLoadedEditorAssemblies (322ms)
				LogAssemblyErrors (0ms)
				InitializePlatformSupportModulesInManaged (9ms)
				SetLoadedEditorAssemblies (1ms)
				RefreshPlugins (1ms)
				BeforeProcessingInitializeOnLoad (64ms)
				ProcessInitializeOnLoadAttributes (200ms)
				ProcessInitializeOnLoadMethodAttributes (33ms)
				AfterProcessingInitializeOnLoad (14ms)
				EditorAssembliesLoaded (0ms)
			ExecutionOrderSort2 (0ms)
			AwakeInstancesAfterBackupRestoration (13ms)
Platform modules already initialized, skipping
========================================================================
Worker process is ready to serve import requests
Launched and connected shader compiler UnityShaderCompiler.exe after 0.07 seconds
Refreshing native plugins compatible for Editor in 0.45 ms, found 0 plugins.
Preloading 0 native plugins for Editor in 0.00 ms.
Unloading 670 Unused Serialized files (Serialized files now loaded: 0)
Unloading 7 unused Assets / (30.2 KB). Loaded Objects now: 1184.
Memory consumption went from 140.6 MB to 140.6 MB.
Total: 2.852400 ms (FindLiveObjects: 0.117300 ms CreateObjectMapping: 0.029400 ms MarkObjects: 2.675500 ms  DeleteObjects: 0.029200 ms)

AssetImportParameters requested are different than current active one (requested -> active):
  custom:video-decoder-ogg-theora: a1e56fd34408186e4bbccfd4996cb3dc -> 
  custom:container-muxer-webm: aa71ff27fc2769a1b78a27578f13a17b -> 
  custom:container-demuxer-webm: 4f35f7cbe854078d1ac9338744f61a02 -> 
  custom:video-encoder-webm-vp8: eb34c28f22e8b96e1ab97ce403110664 -> 
  custom:audio-encoder-webm-vorbis: bf7c407c2cedff20999df2af8eb42d56 -> 
  custom:framework-win-MediaFoundation: 216162199b28c13a410421893ffa2e32 -> 
  custom:container-demuxer-ogg: 62fdf1f143b41e24485cea50d1cbac27 -> 
  custom:video-decoder-webm-vp8: 9c59270c3fd7afecdb556c50c9e8de78 -> 
  custom:audio-decoder-ogg-vorbis: bf7c407c2cedff20999df2af8eb42d56 -> 
========================================================================
Received Import Request.
  Time since last request: 531533.613688 seconds.
  path: Assets/Scenes/Menu.unity
  artifactKey: Guid(c7ba86da91836cc4b92b591da709e154) Importer(815301076,1909f56bfc062723c751e8b465ee728b)
Start importing Assets/Scenes/Menu.unity using Guid(c7ba86da91836cc4b92b591da709e154) Importer(815301076,1909f56bfc062723c751e8b465ee728b)  -> (artifact id: '7ac1acb3a23746b441948085cd8f40ad') in 0.017580 seconds 
========================================================================
Received Prepare
Registering precompiled user dll's ...
Registered in 0.001101 seconds.
Begin MonoManager ReloadAssembly
Native extension for WindowsStandalone target not found
Refreshing native plugins compatible for Editor in 0.46 ms, found 0 plugins.
Preloading 0 native plugins for Editor in 0.00 ms.
Mono: successfully reloaded assembly
- Completed reload, in  1.652 seconds
Domain Reload Profiling:
	ReloadAssembly (1654ms)
		BeginReloadAssembly (248ms)
			ExecutionOrderSort (0ms)
			DisableScriptedObjects (13ms)
			BackupInstance (0ms)
			ReleaseScriptingObjects (0ms)
			CreateAndSetChildDomain (38ms)
		EndReloadAssembly (1208ms)
			LoadAssemblies (158ms)
			RebuildTransferFunctionScriptingTraits (0ms)
			SetupTypeCache (253ms)
			ReleaseScriptCaches (1ms)
			RebuildScriptCaches (64ms)
			SetupLoadedEditorAssemblies (638ms)
				LogAssemblyErrors (0ms)
				InitializePlatformSupportModulesInManaged (10ms)
				SetLoadedEditorAssemblies (1ms)
				RefreshPlugins (1ms)
				BeforeProcessingInitializeOnLoad (73ms)
				ProcessInitializeOnLoadAttributes (447ms)
				ProcessInitializeOnLoadMethodAttributes (85ms)
				AfterProcessingInitializeOnLoad (19ms)
				EditorAssembliesLoaded (1ms)
			ExecutionOrderSort2 (0ms)
			AwakeInstancesAfterBackupRestoration (21ms)
Platform modules already initialized, skipping
Refreshing native plugins compatible for Editor in 1.19 ms, found 0 plugins.
Preloading 0 native plugins for Editor in 0.00 ms.
Unloading 655 Unused Serialized files (Serialized files now loaded: 0)
Unloading 2 unused Assets / (24.6 KB). Loaded Objects now: 1187.
Memory consumption went from 139.0 MB to 139.0 MB.
Total: 3.446400 ms (FindLiveObjects: 0.242600 ms CreateObjectMapping: 0.039900 ms MarkObjects: 3.116100 ms  DeleteObjects: 0.024200 ms)

AssetImportParameters requested are different than current active one (requested -> active):
  custom:video-decoder-ogg-theora: a1e56fd34408186e4bbccfd4996cb3dc -> 
  custom:container-muxer-webm: aa71ff27fc2769a1b78a27578f13a17b -> 
  custom:container-demuxer-webm: 4f35f7cbe854078d1ac9338744f61a02 -> 
  custom:video-encoder-webm-vp8: eb34c28f22e8b96e1ab97ce403110664 -> 
  custom:audio-encoder-webm-vorbis: bf7c407c2cedff20999df2af8eb42d56 -> 
  custom:framework-win-MediaFoundation: 216162199b28c13a410421893ffa2e32 -> 
  custom:container-demuxer-ogg: 62fdf1f143b41e24485cea50d1cbac27 -> 
  custom:video-decoder-webm-vp8: 9c59270c3fd7afecdb556c50c9e8de78 -> 
  custom:audio-decoder-ogg-vorbis: bf7c407c2cedff20999df2af8eb42d56 -> 
========================================================================
Received Import Request.
  Time since last request: 330.217458 seconds.
  path: Assets/Unver/textures/squircle.png
  artifactKey: Guid(955e8193987fdd44e90cc7f0f5cbff18) Importer(815301076,1909f56bfc062723c751e8b465ee728b)
Start importing Assets/Unver/textures/squircle.png using Guid(955e8193987fdd44e90cc7f0f5cbff18) Importer(815301076,1909f56bfc062723c751e8b465ee728b)  -> (artifact id: 'e8198b8d11d29b6c49e60c2bb3bfb5a9') in 0.378117 seconds 
========================================================================
Received Import Request.
  Time since last request: 17.898214 seconds.
  path: Assets/Unver/textures/squircle.png
  artifactKey: Guid(955e8193987fdd44e90cc7f0f5cbff18) Importer(815301076,1909f56bfc062723c751e8b465ee728b)
Start importing Assets/Unver/textures/squircle.png using Guid(955e8193987fdd44e90cc7f0f5cbff18) Importer(815301076,1909f56bfc062723c751e8b465ee728b)  -> (artifact id: 'b8ed7522f6ef457dae5953ed3efcc4a5') in 0.138100 seconds 
========================================================================
Received Import Request.
  Time since last request: 27.796995 seconds.
  path: Assets/Unver/sfx/engine/mgfboot-idling.wav
  artifactKey: Guid(b376bff76d397c24db6ef45249231a54) Importer(815301076,1909f56bfc062723c751e8b465ee728b)
Start importing Assets/Unver/sfx/engine/mgfboot-idling.wav using Guid(b376bff76d397c24db6ef45249231a54) Importer(815301076,1909f56bfc062723c751e8b465ee728b)  -> (artifact id: 'ba4ea384b5f441f29c79b230fb9a6cd2') in 0.168147 seconds 
========================================================================
Received Import Request.
  Time since last request: 0.000026 seconds.
  path: Assets/Unver/sfx/engine/mgfboot-revving.wav
  artifactKey: Guid(3f192baeeb236c3499adbeb68a9bfc7b) Importer(815301076,1909f56bfc062723c751e8b465ee728b)
Start importing Assets/Unver/sfx/engine/mgfboot-revving.wav using Guid(3f192baeeb236c3499adbeb68a9bfc7b) Importer(815301076,1909f56bfc062723c751e8b465ee728b)  -> (artifact id: 'c8f188390e7728d2b19072a8e2539952') in 0.050526 seconds 
========================================================================
Received Import Request.
  Time since last request: 5.983204 seconds.
  path: Assets/Unver/textures/16x
  artifactKey: Guid(c684fb5ec7c7c654bad1bf4b552904d1) Importer(815301076,1909f56bfc062723c751e8b465ee728b)
Start importing Assets/Unver/textures/16x using Guid(c684fb5ec7c7c654bad1bf4b552904d1) Importer(815301076,1909f56bfc062723c751e8b465ee728b)  -> (artifact id: '2edcd53b443264109c2d089d92287b67') in 0.018606 seconds 
========================================================================
Received Import Request.
  Time since last request: 0.023143 seconds.
  path: Assets/Unver/textures/16x/cars_car2_b2grid1.jpg
  artifactKey: Guid(7e81459b906a52a4186691240053a5cc) Importer(815301076,1909f56bfc062723c751e8b465ee728b)
Start importing Assets/Unver/textures/16x/cars_car2_b2grid1.jpg using Guid(7e81459b906a52a4186691240053a5cc) Importer(815301076,1909f56bfc062723c751e8b465ee728b)  -> (artifact id: 'f46b65eff4083f4b62bd76078abbe034') in 0.075831 seconds 
========================================================================
Received Import Request.
  Time since last request: 0.000025 seconds.
  path: Assets/Unver/textures/16x/cars_car3_b3grid7.jpg
  artifactKey: Guid(2ce9d2e7d18e7a14cad82b95139ddfa1) Importer(815301076,1909f56bfc062723c751e8b465ee728b)
Start importing Assets/Unver/textures/16x/cars_car3_b3grid7.jpg using Guid(2ce9d2e7d18e7a14cad82b95139ddfa1) Importer(815301076,1909f56bfc062723c751e8b465ee728b)  -> (artifact id: '0aa934987d39b87f814bf48992c2d3d0') in 0.046599 seconds 
========================================================================
Received Import Request.
  Time since last request: 0.000024 seconds.
  path: Assets/Unver/textures/16x/cars_car6_b6grid5.jpg
  artifactKey: Guid(57541e11b7a38f44d85291551676f624) Importer(815301076,1909f56bfc062723c751e8b465ee728b)
Start importing Assets/Unver/textures/16x/cars_car6_b6grid5.jpg using Guid(57541e11b7a38f44d85291551676f624) Importer(815301076,1909f56bfc062723c751e8b465ee728b)  -> (artifact id: '7ab671cb0dbd9871a083efb7087ec927') in 0.052865 seconds 
========================================================================
Received Import Request.
  Time since last request: 0.000035 seconds.
  path: Assets/Unver/textures/16x/cars_car4_b4grid3.jpg
  artifactKey: Guid(298697089dfd30f44b6fa600a4e6c35a) Importer(815301076,1909f56bfc062723c751e8b465ee728b)
Start importing Assets/Unver/textures/16x/cars_car4_b4grid3.jpg using Guid(298697089dfd30f44b6fa600a4e6c35a) Importer(815301076,1909f56bfc062723c751e8b465ee728b)  -> (artifact id: '48e9ea29b75f6ebc1dbbaf1139956991') in 0.055122 seconds 
========================================================================
Received Import Request.
  Time since last request: 0.000156 seconds.
  path: Assets/Unver/textures/16x/cars_car2_b2grid3.jpg
  artifactKey: Guid(7145f5ff5c241a2428abe3d64d1add5e) Importer(815301076,1909f56bfc062723c751e8b465ee728b)
Start importing Assets/Unver/textures/16x/cars_car2_b2grid3.jpg using Guid(7145f5ff5c241a2428abe3d64d1add5e) Importer(815301076,1909f56bfc062723c751e8b465ee728b)  -> (artifact id: '3673bdf3477baae753d21fb7cedcd54a') in 0.042109 seconds 
========================================================================
Received Import Request.
  Time since last request: 0.000020 seconds.
  path: Assets/Unver/textures/16x/cars_car2_b2grid5.jpg
  artifactKey: Guid(38d2d2e570bbacb48a7645a48d4e7e5a) Importer(815301076,1909f56bfc062723c751e8b465ee728b)
Start importing Assets/Unver/textures/16x/cars_car2_b2grid5.jpg using Guid(38d2d2e570bbacb48a7645a48d4e7e5a) Importer(815301076,1909f56bfc062723c751e8b465ee728b)  -> (artifact id: '042f6a06bcf78bfed0e7861a2693ee89') in 0.040349 seconds 
========================================================================
Received Import Request.
  Time since last request: 0.000019 seconds.
  path: Assets/Unver/textures/16x/cars_car4_b4grid7.jpg
  artifactKey: Guid(1368c652153f61b40b8f2d169b06c80a) Importer(815301076,1909f56bfc062723c751e8b465ee728b)
Start importing Assets/Unver/textures/16x/cars_car4_b4grid7.jpg using Guid(1368c652153f61b40b8f2d169b06c80a) Importer(815301076,1909f56bfc062723c751e8b465ee728b)  -> (artifact id: '422a36ad39889436c652819e60cd1b00') in 0.042885 seconds 
========================================================================
Received Import Request.
  Time since last request: 0.000021 seconds.
  path: Assets/Unver/textures/16x/cars_car6_b6grid4.jpg
  artifactKey: Guid(f4f1b0c3e45c66846b267b99d1496a6d) Importer(815301076,1909f56bfc062723c751e8b465ee728b)
Start importing Assets/Unver/textures/16x/cars_car6_b6grid4.jpg using Guid(f4f1b0c3e45c66846b267b99d1496a6d) Importer(815301076,1909f56bfc062723c751e8b465ee728b)  -> (artifact id: 'd2ded6c64acac53b1f954ed36be184ba') in 0.042341 seconds 
========================================================================
Received Import Request.
  Time since last request: 0.000024 seconds.
  path: Assets/Unver/textures/16x/cars_car2_b2grid2.jpg
  artifactKey: Guid(ff0808a0876721848bf7ce58e0b27f12) Importer(815301076,1909f56bfc062723c751e8b465ee728b)
Start importing Assets/Unver/textures/16x/cars_car2_b2grid2.jpg using Guid(ff0808a0876721848bf7ce58e0b27f12) Importer(815301076,1909f56bfc062723c751e8b465ee728b)  -> (artifact id: '67458d760a6875692b620ce1675a3517') in 0.048618 seconds 
========================================================================
Received Import Request.
  Time since last request: 0.000032 seconds.
  path: Assets/Unver/textures/16x/cars_car5_b5grid3.jpg
  artifactKey: Guid(b32b8e6a3fff9a54aa61b75cad9b7713) Importer(815301076,1909f56bfc062723c751e8b465ee728b)
Start importing Assets/Unver/textures/16x/cars_car5_b5grid3.jpg using Guid(b32b8e6a3fff9a54aa61b75cad9b7713) Importer(815301076,1909f56bfc062723c751e8b465ee728b)  -> (artifact id: '012fd2e2b2d63a3d4aa5e030e31833cd') in 0.040599 seconds 
========================================================================
Received Import Request.
  Time since last request: 0.000022 seconds.
  path: Assets/Unver/textures/16x/cars_car5_b5grid7.jpg
  artifactKey: Guid(29dd3e1b9e3db834798801b810199620) Importer(815301076,1909f56bfc062723c751e8b465ee728b)
Start importing Assets/Unver/textures/16x/cars_car5_b5grid7.jpg using Guid(29dd3e1b9e3db834798801b810199620) Importer(815301076,1909f56bfc062723c751e8b465ee728b)  -> (artifact id: '1d36016d824fa941adbc943d1c4fd786') in 0.042693 seconds 
========================================================================
Received Import Request.
  Time since last request: 0.000021 seconds.
  path: Assets/Unver/textures/16x/cars_car2_b2grid6.jpg
  artifactKey: Guid(7f2ae71d806e9fc4ea43502de4da9c39) Importer(815301076,1909f56bfc062723c751e8b465ee728b)
Start importing Assets/Unver/textures/16x/cars_car2_b2grid6.jpg using Guid(7f2ae71d806e9fc4ea43502de4da9c39) Importer(815301076,1909f56bfc062723c751e8b465ee728b)  -> (artifact id: '5fe00c5b30cd589f364337c33ad36245') in 0.038967 seconds 
========================================================================
Received Import Request.
  Time since last request: 0.000021 seconds.
  path: Assets/Unver/textures/16x/cars_car4_b4grid2.jpg
  artifactKey: Guid(ecde82e7af7a4e34a972448097393eed) Importer(815301076,1909f56bfc062723c751e8b465ee728b)
Start importing Assets/Unver/textures/16x/cars_car4_b4grid2.jpg using Guid(ecde82e7af7a4e34a972448097393eed) Importer(815301076,1909f56bfc062723c751e8b465ee728b)  -> (artifact id: '9f1eb1906f0d33e899026f252e52ec2f') in 0.042860 seconds 
========================================================================
Received Import Request.
  Time since last request: 0.000020 seconds.
  path: Assets/Unver/textures/16x/cars_car4_b4grid4.jpg
  artifactKey: Guid(17ac14f5627f3f6449c2b56657d4f925) Importer(815301076,1909f56bfc062723c751e8b465ee728b)
Start importing Assets/Unver/textures/16x/cars_car4_b4grid4.jpg using Guid(17ac14f5627f3f6449c2b56657d4f925) Importer(815301076,1909f56bfc062723c751e8b465ee728b)  -> (artifact id: '0996cd19892619691839b3356a8bd69d') in 0.041663 seconds 
========================================================================
Received Import Request.
  Time since last request: 0.000025 seconds.
  path: Assets/Unver/textures/16x/cars_car4_b4grid5.jpg
  artifactKey: Guid(30b5cb6a87a0f2b408be5dc214e9420d) Importer(815301076,1909f56bfc062723c751e8b465ee728b)
Start importing Assets/Unver/textures/16x/cars_car4_b4grid5.jpg using Guid(30b5cb6a87a0f2b408be5dc214e9420d) Importer(815301076,1909f56bfc062723c751e8b465ee728b)  -> (artifact id: '81465e42011b15e36980d78323f819bc') in 0.042819 seconds 
========================================================================
Received Import Request.
  Time since last request: 0.000042 seconds.
  path: Assets/Unver/textures/16x/cars_car6_b6grid2.jpg
  artifactKey: Guid(36175f554ba31194c87a8f9a312278b9) Importer(815301076,1909f56bfc062723c751e8b465ee728b)
Start importing Assets/Unver/textures/16x/cars_car6_b6grid2.jpg using Guid(36175f554ba31194c87a8f9a312278b9) Importer(815301076,1909f56bfc062723c751e8b465ee728b)  -> (artifact id: '021a58ae1b8e0695f0c57a66795c4b34') in 0.039436 seconds 
========================================================================
Received Import Request.
  Time since last request: 0.000022 seconds.
  path: Assets/Unver/textures/16x/cars_car7_b7grid1.jpg
  artifactKey: Guid(3390db813cdea5341b6cf0681f1d837d) Importer(815301076,1909f56bfc062723c751e8b465ee728b)
Start importing Assets/Unver/textures/16x/cars_car7_b7grid1.jpg using Guid(3390db813cdea5341b6cf0681f1d837d) Importer(815301076,1909f56bfc062723c751e8b465ee728b)  -> (artifact id: '3c6237159209ecbc615e7d393e77f2a5') in 0.044199 seconds 
========================================================================
Received Import Request.
  Time since last request: 0.000019 seconds.
  path: Assets/Unver/textures/16x/cars_car5_b5grid2.jpg
  artifactKey: Guid(3a0a3e1177f653345ae501f5a1627e25) Importer(815301076,1909f56bfc062723c751e8b465ee728b)
Start importing Assets/Unver/textures/16x/cars_car5_b5grid2.jpg using Guid(3a0a3e1177f653345ae501f5a1627e25) Importer(815301076,1909f56bfc062723c751e8b465ee728b)  -> (artifact id: '268bfd6f7459d71f58eca1ff05af192f') in 0.044550 seconds 
========================================================================
Received Import Request.
  Time since last request: 0.000023 seconds.
  path: Assets/Unver/textures/16x/cars_car3_b3grid4.jpg
  artifactKey: Guid(9feaae66ef63b3546bfb95857c053995) Importer(815301076,1909f56bfc062723c751e8b465ee728b)
Start importing Assets/Unver/textures/16x/cars_car3_b3grid4.jpg using Guid(9feaae66ef63b3546bfb95857c053995) Importer(815301076,1909f56bfc062723c751e8b465ee728b)  -> (artifact id: '4af13af5ffa41386d323608c8af518cf') in 0.041335 seconds 
========================================================================
Received Import Request.
  Time since last request: 0.000021 seconds.
  path: Assets/Unver/textures/16x/cars_car3_b3grid1.jpg
  artifactKey: Guid(6390eba1934e42e49b2341a82c541cf8) Importer(815301076,1909f56bfc062723c751e8b465ee728b)
Start importing Assets/Unver/textures/16x/cars_car3_b3grid1.jpg using Guid(6390eba1934e42e49b2341a82c541cf8) Importer(815301076,1909f56bfc062723c751e8b465ee728b)  -> (artifact id: 'f61d16546c1c29a589a96125c3b0b4fb') in 0.042798 seconds 
========================================================================
Received Import Request.
  Time since last request: 0.000024 seconds.
  path: Assets/Unver/textures/16x/cars_car7_b7grid2.jpg
  artifactKey: Guid(b88846099f59a21418e2a1266822c373) Importer(815301076,1909f56bfc062723c751e8b465ee728b)
Start importing Assets/Unver/textures/16x/cars_car7_b7grid2.jpg using Guid(b88846099f59a21418e2a1266822c373) Importer(815301076,1909f56bfc062723c751e8b465ee728b)  -> (artifact id: '98527cd77ee30356b8facd7ae720218c') in 0.045142 seconds 
========================================================================
Received Import Request.
  Time since last request: 0.000034 seconds.
  path: Assets/Unver/textures/16x/cars_car3_b3grid5.jpg
  artifactKey: Guid(f5cf2d8eeb4e90b4180610801b704b75) Importer(815301076,1909f56bfc062723c751e8b465ee728b)
Start importing Assets/Unver/textures/16x/cars_car3_b3grid5.jpg using Guid(f5cf2d8eeb4e90b4180610801b704b75) Importer(815301076,1909f56bfc062723c751e8b465ee728b)  -> (artifact id: 'e1d113b52f1710e855259f621d7192b3') in 0.051655 seconds 
========================================================================
Received Import Request.
  Time since last request: 0.000029 seconds.
  path: Assets/Unver/textures/16x/cars_car5_b5grid4.jpg
  artifactKey: Guid(0ae5810e1252a2e4b970337f145b2084) Importer(815301076,1909f56bfc062723c751e8b465ee728b)
Start importing Assets/Unver/textures/16x/cars_car5_b5grid4.jpg using Guid(0ae5810e1252a2e4b970337f145b2084) Importer(815301076,1909f56bfc062723c751e8b465ee728b)  -> (artifact id: 'b647319b9ea6c5818786d20fa648847f') in 0.052486 seconds 
========================================================================
Received Import Request.
  Time since last request: 0.000023 seconds.
  path: Assets/Unver/textures/16x/cars_car5_b5grid5.jpg
  artifactKey: Guid(ef9259ead62a24947a52281fd29a0fb9) Importer(815301076,1909f56bfc062723c751e8b465ee728b)
Start importing Assets/Unver/textures/16x/cars_car5_b5grid5.jpg using Guid(ef9259ead62a24947a52281fd29a0fb9) Importer(815301076,1909f56bfc062723c751e8b465ee728b)  -> (artifact id: '7e4bd439b5b60726d16056d28fe82bca') in 0.051837 seconds 
========================================================================
Received Import Request.
  Time since last request: 0.000020 seconds.
  path: Assets/Unver/textures/16x/cars_car4_b4grid1.jpg
  artifactKey: Guid(c530f70a4a441264486e340460133b0c) Importer(815301076,1909f56bfc062723c751e8b465ee728b)
Start importing Assets/Unver/textures/16x/cars_car4_b4grid1.jpg using Guid(c530f70a4a441264486e340460133b0c) Importer(815301076,1909f56bfc062723c751e8b465ee728b)  -> (artifact id: 'e148f38f4e2e9d2ad6b493e1fbbbda4a') in 0.101445 seconds 
========================================================================
Received Import Request.
  Time since last request: 0.000460 seconds.
  path: Assets/Unver/textures/16x/cars_car4_b4grid6.jpg
  artifactKey: Guid(ac187aaca259d1741b4e55682f392b34) Importer(815301076,1909f56bfc062723c751e8b465ee728b)
Start importing Assets/Unver/textures/16x/cars_car4_b4grid6.jpg using Guid(ac187aaca259d1741b4e55682f392b34) Importer(815301076,1909f56bfc062723c751e8b465ee728b)  -> (artifact id: 'ce68763b4e1793a0211104baab1efafb') in 0.052226 seconds 
========================================================================
Received Import Request.
  Time since last request: 0.026877 seconds.
  path: Assets/Unver/textures/16x/cars_car6_b6grid7.jpg
  artifactKey: Guid(986afb7093773c045b09253db921087b) Importer(815301076,1909f56bfc062723c751e8b465ee728b)
Start importing Assets/Unver/textures/16x/cars_car6_b6grid7.jpg using Guid(986afb7093773c045b09253db921087b) Importer(815301076,1909f56bfc062723c751e8b465ee728b)  -> (artifact id: 'b40c3b782519462fc4d877bfb4fa5a71') in 0.048138 seconds 
========================================================================
Received Import Request.
  Time since last request: 0.000447 seconds.
  path: Assets/Unver/textures/16x/cars_car2_b2grid7.jpg
  artifactKey: Guid(8b2f0cfe422004b43bbd1e6813314c85) Importer(815301076,1909f56bfc062723c751e8b465ee728b)
Start importing Assets/Unver/textures/16x/cars_car2_b2grid7.jpg using Guid(8b2f0cfe422004b43bbd1e6813314c85) Importer(815301076,1909f56bfc062723c751e8b465ee728b)  -> (artifact id: 'ca235965cae622be5e57886346dbd057') in 0.067015 seconds 
========================================================================
Received Import Request.
  Time since last request: 0.000384 seconds.
  path: Assets/Unver/textures/16x/cars_car3_b3grid2.jpg
  artifactKey: Guid(d6ae9614bfec1074dbdffb8d2c8b0d40) Importer(815301076,1909f56bfc062723c751e8b465ee728b)
Start importing Assets/Unver/textures/16x/cars_car3_b3grid2.jpg using Guid(d6ae9614bfec1074dbdffb8d2c8b0d40) Importer(815301076,1909f56bfc062723c751e8b465ee728b)  -> (artifact id: 'abdaf4efd0cb9a7bfb06b62054749000') in 0.055854 seconds 
========================================================================
Received Import Request.
  Time since last request: 0.000021 seconds.
  path: Assets/Unver/textures/16x/cars_car3_b3grid6.jpg
  artifactKey: Guid(ac43f563cee024748a2197a8c29fd5c5) Importer(815301076,1909f56bfc062723c751e8b465ee728b)
Start importing Assets/Unver/textures/16x/cars_car3_b3grid6.jpg using Guid(ac43f563cee024748a2197a8c29fd5c5) Importer(815301076,1909f56bfc062723c751e8b465ee728b)  -> (artifact id: '2861fa00b9689d95316705f63e8e2270') in 0.067605 seconds 
========================================================================
Received Import Request.
  Time since last request: 0.000024 seconds.
  path: Assets/Unver/textures/16x/cars_car3_b3grid3.jpg
  artifactKey: Guid(5a161d03f751f8840a56fde422e5c92a) Importer(815301076,1909f56bfc062723c751e8b465ee728b)
Start importing Assets/Unver/textures/16x/cars_car3_b3grid3.jpg using Guid(5a161d03f751f8840a56fde422e5c92a) Importer(815301076,1909f56bfc062723c751e8b465ee728b)  -> (artifact id: '829e6163ca7d16a57bf8f8507dceca7c') in 0.052537 seconds 
========================================================================
Received Import Request.
  Time since last request: 0.000022 seconds.
  path: Assets/Unver/textures/16x/cars_car7_b7grid3.jpg
  artifactKey: Guid(d38cee76100ed0341b28a66d10f75fb3) Importer(815301076,1909f56bfc062723c751e8b465ee728b)
Start importing Assets/Unver/textures/16x/cars_car7_b7grid3.jpg using Guid(d38cee76100ed0341b28a66d10f75fb3) Importer(815301076,1909f56bfc062723c751e8b465ee728b)  -> (artifact id: '329716509821cfac586ddbe394e7dfb5') in 0.060000 seconds 
========================================================================
Received Import Request.
  Time since last request: 0.000026 seconds.
  path: Assets/Unver/textures/16x/cars_car6_b6grid1.jpg
  artifactKey: Guid(9d34ddb62cbd7c741afe416c8c37b4ae) Importer(815301076,1909f56bfc062723c751e8b465ee728b)
Start importing Assets/Unver/textures/16x/cars_car6_b6grid1.jpg using Guid(9d34ddb62cbd7c741afe416c8c37b4ae) Importer(815301076,1909f56bfc062723c751e8b465ee728b)  -> (artifact id: '91f453539ed5892dc33ee7b968b5bee5') in 0.040557 seconds 
========================================================================
Received Import Request.
  Time since last request: 0.000032 seconds.
  path: Assets/Unver/textures/16x/cars_car5_b5grid1.jpg
  artifactKey: Guid(4ed20ed5a2c23b14cb538554732f65ef) Importer(815301076,1909f56bfc062723c751e8b465ee728b)
Start importing Assets/Unver/textures/16x/cars_car5_b5grid1.jpg using Guid(4ed20ed5a2c23b14cb538554732f65ef) Importer(815301076,1909f56bfc062723c751e8b465ee728b)  -> (artifact id: 'd0d31efc0c542cd82c576fbfd07a407c') in 0.045562 seconds 
========================================================================
Received Import Request.
  Time since last request: 0.000021 seconds.
  path: Assets/Unver/textures/16x/cars_car6_b6grid3.jpg
  artifactKey: Guid(88d8e7f5df2df024ab24afaa59f80957) Importer(815301076,1909f56bfc062723c751e8b465ee728b)
Start importing Assets/Unver/textures/16x/cars_car6_b6grid3.jpg using Guid(88d8e7f5df2df024ab24afaa59f80957) Importer(815301076,1909f56bfc062723c751e8b465ee728b)  -> (artifact id: '305918c08af1bf5e7e628647046f5114') in 0.035506 seconds 
========================================================================
Received Import Request.
  Time since last request: 0.312914 seconds.
  path: Assets/Prefabs/RVP_cars/Big Rig.prefab
  artifactKey: Guid(53b039c6c4008c7459056e31318bb5bc) Importer(815301076,1909f56bfc062723c751e8b465ee728b)
Start importing Assets/Prefabs/RVP_cars/Big Rig.prefab using Guid(53b039c6c4008c7459056e31318bb5bc) Importer(815301076,1909f56bfc062723c751e8b465ee728b)  -> (artifact id: '550b985f1d23007a58fec417875984ff') in 0.197602 seconds 
========================================================================
Received Import Request.
  Time since last request: 0.000034 seconds.
  path: Assets/Prefabs/RVP_Vehicles/Big Rig.prefab
  artifactKey: Guid(429bb81f70ee4a242bf0eae86ad90ad2) Importer(815301076,1909f56bfc062723c751e8b465ee728b)
Start importing Assets/Prefabs/RVP_Vehicles/Big Rig.prefab using Guid(429bb81f70ee4a242bf0eae86ad90ad2) Importer(815301076,1909f56bfc062723c751e8b465ee728b)  -> (artifact id: '1feb346a140bf35398769cc36d070c22') in 0.059572 seconds 
========================================================================
Received Import Request.
  Time since last request: 0.000063 seconds.
  path: Assets/Unver/cars/car1.blend
  artifactKey: Guid(91d2b4fd3ac5840409d21ec8e2bab3d5) Importer(815301076,1909f56bfc062723c751e8b465ee728b)
Start importing Assets/Unver/cars/car1.blend using Guid(91d2b4fd3ac5840409d21ec8e2bab3d5) Importer(815301076,1909f56bfc062723c751e8b465ee728b)  -> (artifact id: '0d33066f058ea68eb7ad7d35b2a60f59') in 0.537674 seconds 
========================================================================
Received Import Request.
  Time since last request: 2.360089 seconds.
  path: Assets/Unver/textures/16x/frontend_pages_catalog_upgrades_boost_01.jpg
  artifactKey: Guid(d330286050b602f4ead626563b460302) Importer(815301076,1909f56bfc062723c751e8b465ee728b)
Start importing Assets/Unver/textures/16x/frontend_pages_catalog_upgrades_boost_01.jpg using Guid(d330286050b602f4ead626563b460302) Importer(815301076,1909f56bfc062723c751e8b465ee728b)  -> (artifact id: 'fd408ddf07aaacaf35fddc5d16f0210c') in 0.040365 seconds 
========================================================================
Received Import Request.
  Time since last request: 0.000024 seconds.
  path: Assets/Unver/textures/16x/frontend_pages_catalog_upgrades_boost_05.jpg
  artifactKey: Guid(70498a480130a6f47b2a91fd11828e9f) Importer(815301076,1909f56bfc062723c751e8b465ee728b)
Start importing Assets/Unver/textures/16x/frontend_pages_catalog_upgrades_boost_05.jpg using Guid(70498a480130a6f47b2a91fd11828e9f) Importer(815301076,1909f56bfc062723c751e8b465ee728b)  -> (artifact id: '4299fe0357f18e14e17c37f33dc69d5b') in 0.062134 seconds 
========================================================================
Received Import Request.
  Time since last request: 0.001108 seconds.
  path: Assets/Unver/textures/16x/frontend_pages_catalog_upgrades_boost_03.jpg
  artifactKey: Guid(3c117996c125745439316ac6e4959b84) Importer(815301076,1909f56bfc062723c751e8b465ee728b)
Start importing Assets/Unver/textures/16x/frontend_pages_catalog_upgrades_boost_03.jpg using Guid(3c117996c125745439316ac6e4959b84) Importer(815301076,1909f56bfc062723c751e8b465ee728b)  -> (artifact id: 'caae9941ef95524de6f6e44a46a1ef4c') in 0.064600 seconds 
========================================================================
Received Import Request.
  Time since last request: 0.000037 seconds.
  path: Assets/Unver/textures/16x/frontend_pages_catalog_upgrades_boost_02.jpg
  artifactKey: Guid(8acd9261c5e0b8542bb69f2409d0fbe7) Importer(815301076,1909f56bfc062723c751e8b465ee728b)
Start importing Assets/Unver/textures/16x/frontend_pages_catalog_upgrades_boost_02.jpg using Guid(8acd9261c5e0b8542bb69f2409d0fbe7) Importer(815301076,1909f56bfc062723c751e8b465ee728b)  -> (artifact id: 'eb129f01a0736712e4a36b50cd3b6a14') in 0.048174 seconds 
========================================================================
Received Import Request.
  Time since last request: 0.000020 seconds.
  path: Assets/Unver/textures/16x/frontend_pages_catalog_upgrades_boost_04.jpg
  artifactKey: Guid(01f9c04af2e6c0e4b80a43893a2c2310) Importer(815301076,1909f56bfc062723c751e8b465ee728b)
Start importing Assets/Unver/textures/16x/frontend_pages_catalog_upgrades_boost_04.jpg using Guid(01f9c04af2e6c0e4b80a43893a2c2310) Importer(815301076,1909f56bfc062723c751e8b465ee728b)  -> (artifact id: '13f9e0cf1dfec4f82beda07fca54c2fb') in 0.059861 seconds 
========================================================================
Received Import Request.
  Time since last request: 194.632461 seconds.
  path: Assets/Unver/textures/loading_loading.png
  artifactKey: Guid(05045423227709b42ab413d57441eef1) Importer(815301076,1909f56bfc062723c751e8b465ee728b)
Start importing Assets/Unver/textures/loading_loading.png using Guid(05045423227709b42ab413d57441eef1) Importer(815301076,1909f56bfc062723c751e8b465ee728b)  -> (artifact id: '5c0a450751b72b39b4605c5de2dfc670') in 0.065217 seconds 
========================================================================
Received Import Request.
  Time since last request: 15.771165 seconds.
  path: Assets/Unver/logo-sgp-WIP
  artifactKey: Guid(cb36090861a130a43a3459748ab8383d) Importer(815301076,1909f56bfc062723c751e8b465ee728b)
Start importing Assets/Unver/logo-sgp-WIP using Guid(cb36090861a130a43a3459748ab8383d) Importer(815301076,1909f56bfc062723c751e8b465ee728b)  -> (artifact id: 'ec1733b715365cea5615021808239082') in 0.051662 seconds 
========================================================================
Received Import Request.
  Time since last request: 0.000028 seconds.
  path: Assets/Unver/logo-sgp-WIP/sgpr-final2.png
  artifactKey: Guid(424d8a4747b602b42b2f34f46289c2a0) Importer(815301076,1909f56bfc062723c751e8b465ee728b)
Start importing Assets/Unver/logo-sgp-WIP/sgpr-final2.png using Guid(424d8a4747b602b42b2f34f46289c2a0) Importer(815301076,1909f56bfc062723c751e8b465ee728b)  -> (artifact id: 'b60da9d337d9c7a53ac46f2653b40dba') in 0.409557 seconds 
========================================================================
Received Import Request.
  Time since last request: 0.000034 seconds.
  path: Assets/Unver/logo-sgp-WIP/sgpr-final2_background.png
  artifactKey: Guid(483abf8bc5d70084b86c511e782d18b0) Importer(815301076,1909f56bfc062723c751e8b465ee728b)
Start importing Assets/Unver/logo-sgp-WIP/sgpr-final2_background.png using Guid(483abf8bc5d70084b86c511e782d18b0) Importer(815301076,1909f56bfc062723c751e8b465ee728b)  -> (artifact id: 'a083cf5472b76504f0ad24a6b18f4bb3') in 0.050181 seconds 
========================================================================
Received Import Request.
  Time since last request: 8.423244 seconds.
  path: Assets/Unver/pics
  artifactKey: Guid(5b5b99ea498463640b4c2f37d9d1f830) Importer(815301076,1909f56bfc062723c751e8b465ee728b)
Start importing Assets/Unver/pics using Guid(5b5b99ea498463640b4c2f37d9d1f830) Importer(815301076,1909f56bfc062723c751e8b465ee728b)  -> (artifact id: '8406e57f7ac635762390961691ee3aee') in 0.065550 seconds 
========================================================================
Received Prepare
Registering precompiled user dll's ...
Registered in 0.000845 seconds.
Begin MonoManager ReloadAssembly
Native extension for WindowsStandalone target not found
Refreshing native plugins compatible for Editor in 0.57 ms, found 0 plugins.
Preloading 0 native plugins for Editor in 0.00 ms.
Mono: successfully reloaded assembly
- Completed reload, in  1.726 seconds
Domain Reload Profiling:
	ReloadAssembly (1733ms)
		BeginReloadAssembly (332ms)
			ExecutionOrderSort (0ms)
			DisableScriptedObjects (23ms)
			BackupInstance (0ms)
			ReleaseScriptingObjects (0ms)
			CreateAndSetChildDomain (110ms)
		EndReloadAssembly (1010ms)
			LoadAssemblies (149ms)
			RebuildTransferFunctionScriptingTraits (0ms)
			SetupTypeCache (236ms)
			ReleaseScriptCaches (1ms)
			RebuildScriptCaches (81ms)
			SetupLoadedEditorAssemblies (447ms)
				LogAssemblyErrors (0ms)
				InitializePlatformSupportModulesInManaged (14ms)
				SetLoadedEditorAssemblies (2ms)
				RefreshPlugins (1ms)
				BeforeProcessingInitializeOnLoad (108ms)
				ProcessInitializeOnLoadAttributes (261ms)
				ProcessInitializeOnLoadMethodAttributes (45ms)
				AfterProcessingInitializeOnLoad (17ms)
				EditorAssembliesLoaded (0ms)
			ExecutionOrderSort2 (0ms)
			AwakeInstancesAfterBackupRestoration (15ms)
Platform modules already initialized, skipping
Refreshing native plugins compatible for Editor in 0.85 ms, found 0 plugins.
Preloading 0 native plugins for Editor in 0.00 ms.
Unloading 655 Unused Serialized files (Serialized files now loaded: 0)
Unloading 3 unused Assets / (24.8 KB). Loaded Objects now: 1245.
Memory consumption went from 143.7 MB to 143.7 MB.
Total: 4.269900 ms (FindLiveObjects: 0.148800 ms CreateObjectMapping: 0.031500 ms MarkObjects: 3.894700 ms  DeleteObjects: 0.193000 ms)

AssetImportParameters requested are different than current active one (requested -> active):
  custom:video-decoder-ogg-theora: a1e56fd34408186e4bbccfd4996cb3dc -> 
  custom:container-muxer-webm: aa71ff27fc2769a1b78a27578f13a17b -> 
  custom:container-demuxer-webm: 4f35f7cbe854078d1ac9338744f61a02 -> 
  custom:video-encoder-webm-vp8: eb34c28f22e8b96e1ab97ce403110664 -> 
  custom:audio-encoder-webm-vorbis: bf7c407c2cedff20999df2af8eb42d56 -> 
  custom:framework-win-MediaFoundation: 216162199b28c13a410421893ffa2e32 -> 
  custom:container-demuxer-ogg: 62fdf1f143b41e24485cea50d1cbac27 -> 
  custom:video-decoder-webm-vp8: 9c59270c3fd7afecdb556c50c9e8de78 -> 
  custom:audio-decoder-ogg-vorbis: bf7c407c2cedff20999df2af8eb42d56 -> 
